{"/Volumes/Data/PDS_ADHESIVE_DB_Inteligent_Search/adhesive-search-platform/src/app.js": {"path":"/Volumes/Data/PDS_ADHESIVE_DB_Inteligent_Search/adhesive-search-platform/src/app.js","statementMap":{"0":{"start":{"line":18,"column":12},"end":{"line":18,"column":21}},"1":{"start":{"line":21,"column":0},"end":{"line":21,"column":26}},"2":{"start":{"line":24,"column":0},"end":{"line":34,"column":4}},"3":{"start":{"line":37,"column":0},"end":{"line":37,"column":27}},"4":{"start":{"line":40,"column":0},"end":{"line":40,"column":23}},"5":{"start":{"line":43,"column":0},"end":{"line":43,"column":41}},"6":{"start":{"line":44,"column":0},"end":{"line":44,"column":63}},"7":{"start":{"line":47,"column":0},"end":{"line":47,"column":23}},"8":{"start":{"line":50,"column":0},"end":{"line":54,"column":1}},"9":{"start":{"line":51,"column":2},"end":{"line":51,"column":25}},"10":{"start":{"line":53,"column":2},"end":{"line":53,"column":57}},"11":{"start":{"line":57,"column":16},"end":{"line":63,"column":2}},"12":{"start":{"line":66,"column":0},"end":{"line":66,"column":26}},"13":{"start":{"line":69,"column":0},"end":{"line":76,"column":3}},"14":{"start":{"line":70,"column":2},"end":{"line":75,"column":5}},"15":{"start":{"line":79,"column":0},"end":{"line":88,"column":3}},"16":{"start":{"line":80,"column":2},"end":{"line":87,"column":5}},"17":{"start":{"line":91,"column":0},"end":{"line":91,"column":43}},"18":{"start":{"line":92,"column":0},"end":{"line":92,"column":33}},"19":{"start":{"line":95,"column":0},"end":{"line":97,"column":1}},"20":{"start":{"line":96,"column":2},"end":{"line":96,"column":43}},"21":{"start":{"line":100,"column":0},"end":{"line":100,"column":18}},"22":{"start":{"line":103,"column":0},"end":{"line":103,"column":22}},"23":{"start":{"line":106,"column":25},"end":{"line":131,"column":1}},"24":{"start":{"line":107,"column":2},"end":{"line":107,"column":64}},"25":{"start":{"line":110,"column":2},"end":{"line":124,"column":5}},"26":{"start":{"line":111,"column":4},"end":{"line":111,"column":38}},"27":{"start":{"line":114,"column":4},"end":{"line":123,"column":7}},"28":{"start":{"line":118,"column":6},"end":{"line":118,"column":44}},"29":{"start":{"line":119,"column":6},"end":{"line":119,"column":22}},"30":{"start":{"line":121,"column":6},"end":{"line":121,"column":52}},"31":{"start":{"line":122,"column":6},"end":{"line":122,"column":22}},"32":{"start":{"line":127,"column":2},"end":{"line":130,"column":12}},"33":{"start":{"line":128,"column":4},"end":{"line":128,"column":82}},"34":{"start":{"line":129,"column":4},"end":{"line":129,"column":20}},"35":{"start":{"line":134,"column":0},"end":{"line":134,"column":57}},"36":{"start":{"line":134,"column":28},"end":{"line":134,"column":55}},"37":{"start":{"line":135,"column":0},"end":{"line":135,"column":55}},"38":{"start":{"line":135,"column":27},"end":{"line":135,"column":53}}},"fnMap":{"0":{"name":"(anonymous_0)","decl":{"start":{"line":69,"column":19},"end":{"line":69,"column":20}},"loc":{"start":{"line":69,"column":33},"end":{"line":76,"column":1}},"line":69},"1":{"name":"(anonymous_1)","decl":{"start":{"line":79,"column":16},"end":{"line":79,"column":17}},"loc":{"start":{"line":79,"column":30},"end":{"line":88,"column":1}},"line":79},"2":{"name":"(anonymous_2)","decl":{"start":{"line":106,"column":25},"end":{"line":106,"column":26}},"loc":{"start":{"line":106,"column":37},"end":{"line":131,"column":1}},"line":106},"3":{"name":"(anonymous_3)","decl":{"start":{"line":110,"column":15},"end":{"line":110,"column":16}},"loc":{"start":{"line":110,"column":21},"end":{"line":124,"column":3}},"line":110},"4":{"name":"(anonymous_4)","decl":{"start":{"line":117,"column":12},"end":{"line":117,"column":13}},"loc":{"start":{"line":117,"column":18},"end":{"line":120,"column":5}},"line":117},"5":{"name":"(anonymous_5)","decl":{"start":{"line":120,"column":13},"end":{"line":120,"column":14}},"loc":{"start":{"line":120,"column":24},"end":{"line":123,"column":5}},"line":120},"6":{"name":"(anonymous_6)","decl":{"start":{"line":127,"column":13},"end":{"line":127,"column":14}},"loc":{"start":{"line":127,"column":19},"end":{"line":130,"column":3}},"line":127},"7":{"name":"(anonymous_7)","decl":{"start":{"line":134,"column":22},"end":{"line":134,"column":23}},"loc":{"start":{"line":134,"column":28},"end":{"line":134,"column":55}},"line":134},"8":{"name":"(anonymous_8)","decl":{"start":{"line":135,"column":21},"end":{"line":135,"column":22}},"loc":{"start":{"line":135,"column":27},"end":{"line":135,"column":53}},"line":135}},"branchMap":{"0":{"loc":{"start":{"line":50,"column":0},"end":{"line":54,"column":1}},"type":"if","locations":[{"start":{"line":50,"column":0},"end":{"line":54,"column":1}},{"start":{"line":52,"column":7},"end":{"line":54,"column":1}}],"line":50},"1":{"loc":{"start":{"line":95,"column":0},"end":{"line":97,"column":1}},"type":"if","locations":[{"start":{"line":95,"column":0},"end":{"line":97,"column":1}},{"start":{},"end":{}}],"line":95}},"s":{"0":0,"1":0,"2":0,"3":0,"4":0,"5":0,"6":0,"7":0,"8":0,"9":0,"10":0,"11":0,"12":0,"13":0,"14":0,"15":0,"16":0,"17":0,"18":0,"19":0,"20":0,"21":0,"22":0,"23":0,"24":0,"25":0,"26":0,"27":0,"28":0,"29":0,"30":0,"31":0,"32":0,"33":0,"34":0,"35":0,"36":0,"37":0,"38":0},"f":{"0":0,"1":0,"2":0,"3":0,"4":0,"5":0,"6":0,"7":0,"8":0},"b":{"0":[0,0],"1":[0,0]}}
,"/Volumes/Data/PDS_ADHESIVE_DB_Inteligent_Search/adhesive-search-platform/src/controllers/knowledgeBase.controller.js": {"path":"/Volumes/Data/PDS_ADHESIVE_DB_Inteligent_Search/adhesive-search-platform/src/controllers/knowledgeBase.controller.js","statementMap":{"0":{"start":{"line":9,"column":67},"end":{"line":9,"column":76}},"1":{"start":{"line":11,"column":4},"end":{"line":15,"column":5}},"2":{"start":{"line":12,"column":6},"end":{"line":14,"column":9}},"3":{"start":{"line":17,"column":19},"end":{"line":21,"column":6}},"4":{"start":{"line":23,"column":4},"end":{"line":23,"column":21}},"5":{"start":{"line":30,"column":19},"end":{"line":30,"column":29}},"6":{"start":{"line":32,"column":19},"end":{"line":32,"column":59}},"7":{"start":{"line":34,"column":4},"end":{"line":38,"column":5}},"8":{"start":{"line":35,"column":6},"end":{"line":37,"column":9}},"9":{"start":{"line":40,"column":4},"end":{"line":40,"column":21}},"10":{"start":{"line":53,"column":8},"end":{"line":53,"column":16}},"11":{"start":{"line":55,"column":4},"end":{"line":59,"column":5}},"12":{"start":{"line":56,"column":6},"end":{"line":58,"column":9}},"13":{"start":{"line":61,"column":20},"end":{"line":65,"column":6}},"14":{"start":{"line":67,"column":4},"end":{"line":67,"column":22}},"15":{"start":{"line":75,"column":4},"end":{"line":81,"column":9}},"16":{"start":{"line":77,"column":8},"end":{"line":77,"column":63}},"17":{"start":{"line":80,"column":8},"end":{"line":80,"column":60}},"18":{"start":{"line":83,"column":4},"end":{"line":86,"column":7}},"19":{"start":{"line":93,"column":19},"end":{"line":93,"column":29}},"20":{"start":{"line":94,"column":26},"end":{"line":94,"column":35}},"21":{"start":{"line":96,"column":20},"end":{"line":96,"column":86}},"22":{"start":{"line":98,"column":4},"end":{"line":102,"column":7}},"23":{"start":{"line":109,"column":24},"end":{"line":109,"column":34}},"24":{"start":{"line":110,"column":27},"end":{"line":110,"column":36}},"25":{"start":{"line":112,"column":20},"end":{"line":112,"column":88}},"26":{"start":{"line":114,"column":4},"end":{"line":118,"column":7}},"27":{"start":{"line":125,"column":18},"end":{"line":125,"column":60}},"28":{"start":{"line":126,"column":4},"end":{"line":126,"column":20}},"29":{"start":{"line":133,"column":19},"end":{"line":133,"column":29}},"30":{"start":{"line":134,"column":34},"end":{"line":134,"column":42}},"31":{"start":{"line":136,"column":19},"end":{"line":136,"column":73}},"32":{"start":{"line":138,"column":4},"end":{"line":142,"column":5}},"33":{"start":{"line":139,"column":6},"end":{"line":141,"column":9}},"34":{"start":{"line":144,"column":4},"end":{"line":147,"column":7}},"35":{"start":{"line":154,"column":19},"end":{"line":154,"column":29}},"36":{"start":{"line":160,"column":8},"end":{"line":160,"column":16}},"37":{"start":{"line":162,"column":20},"end":{"line":167,"column":6}},"38":{"start":{"line":169,"column":4},"end":{"line":173,"column":5}},"39":{"start":{"line":170,"column":6},"end":{"line":172,"column":9}},"40":{"start":{"line":175,"column":4},"end":{"line":178,"column":7}},"41":{"start":{"line":183,"column":32},"end":{"line":183,"column":61}}},"fnMap":{"0":{"name":"(anonymous_0)","decl":{"start":{"line":8,"column":2},"end":{"line":8,"column":3}},"loc":{"start":{"line":8,"column":24},"end":{"line":24,"column":3}},"line":8},"1":{"name":"(anonymous_1)","decl":{"start":{"line":29,"column":2},"end":{"line":29,"column":3}},"loc":{"start":{"line":29,"column":28},"end":{"line":41,"column":3}},"line":29},"2":{"name":"(anonymous_2)","decl":{"start":{"line":46,"column":2},"end":{"line":46,"column":3}},"loc":{"start":{"line":46,"column":25},"end":{"line":68,"column":3}},"line":46},"3":{"name":"(anonymous_3)","decl":{"start":{"line":73,"column":2},"end":{"line":73,"column":3}},"loc":{"start":{"line":73,"column":34},"end":{"line":87,"column":3}},"line":73},"4":{"name":"(anonymous_4)","decl":{"start":{"line":76,"column":12},"end":{"line":76,"column":13}},"loc":{"start":{"line":76,"column":22},"end":{"line":78,"column":7}},"line":76},"5":{"name":"(anonymous_5)","decl":{"start":{"line":79,"column":13},"end":{"line":79,"column":14}},"loc":{"start":{"line":79,"column":22},"end":{"line":81,"column":7}},"line":79},"6":{"name":"(anonymous_6)","decl":{"start":{"line":92,"column":2},"end":{"line":92,"column":3}},"loc":{"start":{"line":92,"column":37},"end":{"line":103,"column":3}},"line":92},"7":{"name":"(anonymous_7)","decl":{"start":{"line":108,"column":2},"end":{"line":108,"column":3}},"loc":{"start":{"line":108,"column":34},"end":{"line":119,"column":3}},"line":108},"8":{"name":"(anonymous_8)","decl":{"start":{"line":124,"column":2},"end":{"line":124,"column":3}},"loc":{"start":{"line":124,"column":32},"end":{"line":127,"column":3}},"line":124},"9":{"name":"(anonymous_9)","decl":{"start":{"line":132,"column":2},"end":{"line":132,"column":3}},"loc":{"start":{"line":132,"column":30},"end":{"line":148,"column":3}},"line":132},"10":{"name":"(anonymous_10)","decl":{"start":{"line":153,"column":2},"end":{"line":153,"column":3}},"loc":{"start":{"line":153,"column":32},"end":{"line":179,"column":3}},"line":153}},"branchMap":{"0":{"loc":{"start":{"line":9,"column":15},"end":{"line":9,"column":25}},"type":"default-arg","locations":[{"start":{"line":9,"column":23},"end":{"line":9,"column":25}}],"line":9},"1":{"loc":{"start":{"line":9,"column":27},"end":{"line":9,"column":38}},"type":"default-arg","locations":[{"start":{"line":9,"column":34},"end":{"line":9,"column":38}}],"line":9},"2":{"loc":{"start":{"line":9,"column":40},"end":{"line":9,"column":62}},"type":"default-arg","locations":[{"start":{"line":9,"column":57},"end":{"line":9,"column":62}}],"line":9},"3":{"loc":{"start":{"line":11,"column":4},"end":{"line":15,"column":5}},"type":"if","locations":[{"start":{"line":11,"column":4},"end":{"line":15,"column":5}},{"start":{},"end":{}}],"line":11},"4":{"loc":{"start":{"line":34,"column":4},"end":{"line":38,"column":5}},"type":"if","locations":[{"start":{"line":34,"column":4},"end":{"line":38,"column":5}},{"start":{},"end":{}}],"line":34},"5":{"loc":{"start":{"line":49,"column":6},"end":{"line":49,"column":18}},"type":"default-arg","locations":[{"start":{"line":49,"column":16},"end":{"line":49,"column":18}}],"line":49},"6":{"loc":{"start":{"line":50,"column":6},"end":{"line":50,"column":16}},"type":"default-arg","locations":[{"start":{"line":50,"column":14},"end":{"line":50,"column":16}}],"line":50},"7":{"loc":{"start":{"line":51,"column":6},"end":{"line":51,"column":16}},"type":"default-arg","locations":[{"start":{"line":51,"column":15},"end":{"line":51,"column":16}}],"line":51},"8":{"loc":{"start":{"line":52,"column":6},"end":{"line":52,"column":26}},"type":"default-arg","locations":[{"start":{"line":52,"column":15},"end":{"line":52,"column":26}}],"line":52},"9":{"loc":{"start":{"line":55,"column":4},"end":{"line":59,"column":5}},"type":"if","locations":[{"start":{"line":55,"column":4},"end":{"line":59,"column":5}},{"start":{},"end":{}}],"line":55},"10":{"loc":{"start":{"line":94,"column":12},"end":{"line":94,"column":21}},"type":"default-arg","locations":[{"start":{"line":94,"column":20},"end":{"line":94,"column":21}}],"line":94},"11":{"loc":{"start":{"line":110,"column":12},"end":{"line":110,"column":22}},"type":"default-arg","locations":[{"start":{"line":110,"column":20},"end":{"line":110,"column":22}}],"line":110},"12":{"loc":{"start":{"line":134,"column":12},"end":{"line":134,"column":29}},"type":"default-arg","locations":[{"start":{"line":134,"column":25},"end":{"line":134,"column":29}}],"line":134},"13":{"loc":{"start":{"line":138,"column":4},"end":{"line":142,"column":5}},"type":"if","locations":[{"start":{"line":138,"column":4},"end":{"line":142,"column":5}},{"start":{},"end":{}}],"line":138},"14":{"loc":{"start":{"line":169,"column":4},"end":{"line":173,"column":5}},"type":"if","locations":[{"start":{"line":169,"column":4},"end":{"line":173,"column":5}},{"start":{},"end":{}}],"line":169}},"s":{"0":0,"1":0,"2":0,"3":0,"4":0,"5":0,"6":0,"7":0,"8":0,"9":0,"10":0,"11":0,"12":0,"13":0,"14":0,"15":0,"16":0,"17":0,"18":0,"19":0,"20":0,"21":0,"22":0,"23":0,"24":0,"25":0,"26":0,"27":0,"28":0,"29":0,"30":0,"31":0,"32":0,"33":0,"34":0,"35":0,"36":0,"37":0,"38":0,"39":0,"40":0,"41":0},"f":{"0":0,"1":0,"2":0,"3":0,"4":0,"5":0,"6":0,"7":0,"8":0,"9":0,"10":0},"b":{"0":[0],"1":[0],"2":[0],"3":[0,0],"4":[0,0],"5":[0],"6":[0],"7":[0],"8":[0],"9":[0,0],"10":[0],"11":[0],"12":[0],"13":[0,0],"14":[0,0]}}
,"/Volumes/Data/PDS_ADHESIVE_DB_Inteligent_Search/adhesive-search-platform/src/controllers/search.controller.js": {"path":"/Volumes/Data/PDS_ADHESIVE_DB_Inteligent_Search/adhesive-search-platform/src/controllers/search.controller.js","statementMap":{"0":{"start":{"line":15,"column":8},"end":{"line":15,"column":16}},"1":{"start":{"line":17,"column":4},"end":{"line":21,"column":5}},"2":{"start":{"line":18,"column":6},"end":{"line":20,"column":9}},"3":{"start":{"line":23,"column":20},"end":{"line":29,"column":5}},"4":{"start":{"line":31,"column":20},"end":{"line":31,"column":70}},"5":{"start":{"line":33,"column":4},"end":{"line":33,"column":22}},"6":{"start":{"line":40,"column":30},"end":{"line":40,"column":39}},"7":{"start":{"line":42,"column":4},"end":{"line":44,"column":5}},"8":{"start":{"line":43,"column":6},"end":{"line":43,"column":43}},"9":{"start":{"line":46,"column":24},"end":{"line":46,"column":86}},"10":{"start":{"line":48,"column":4},"end":{"line":48,"column":30}},"11":{"start":{"line":55,"column":27},"end":{"line":55,"column":35}},"12":{"start":{"line":57,"column":4},"end":{"line":61,"column":5}},"13":{"start":{"line":58,"column":6},"end":{"line":60,"column":9}},"14":{"start":{"line":63,"column":4},"end":{"line":67,"column":5}},"15":{"start":{"line":64,"column":6},"end":{"line":66,"column":9}},"16":{"start":{"line":69,"column":23},"end":{"line":69,"column":70}},"17":{"start":{"line":71,"column":4},"end":{"line":71,"column":25}},"18":{"start":{"line":78,"column":23},"end":{"line":78,"column":33}},"19":{"start":{"line":79,"column":29},"end":{"line":79,"column":38}},"20":{"start":{"line":81,"column":28},"end":{"line":81,"column":83}},"21":{"start":{"line":83,"column":4},"end":{"line":87,"column":7}},"22":{"start":{"line":94,"column":22},"end":{"line":94,"column":30}},"23":{"start":{"line":96,"column":4},"end":{"line":100,"column":5}},"24":{"start":{"line":97,"column":6},"end":{"line":99,"column":9}},"25":{"start":{"line":102,"column":19},"end":{"line":102,"column":56}},"26":{"start":{"line":104,"column":4},"end":{"line":107,"column":7}},"27":{"start":{"line":114,"column":31},"end":{"line":114,"column":40}},"28":{"start":{"line":116,"column":19},"end":{"line":116,"column":64}},"29":{"start":{"line":118,"column":4},"end":{"line":118,"column":21}},"30":{"start":{"line":123,"column":25},"end":{"line":123,"column":47}}},"fnMap":{"0":{"name":"(anonymous_0)","decl":{"start":{"line":8,"column":2},"end":{"line":8,"column":3}},"loc":{"start":{"line":8,"column":33},"end":{"line":34,"column":3}},"line":8},"1":{"name":"(anonymous_1)","decl":{"start":{"line":39,"column":2},"end":{"line":39,"column":3}},"loc":{"start":{"line":39,"column":41},"end":{"line":49,"column":3}},"line":39},"2":{"name":"(anonymous_2)","decl":{"start":{"line":54,"column":2},"end":{"line":54,"column":3}},"loc":{"start":{"line":54,"column":34},"end":{"line":72,"column":3}},"line":54},"3":{"name":"(anonymous_3)","decl":{"start":{"line":77,"column":2},"end":{"line":77,"column":3}},"loc":{"start":{"line":77,"column":37},"end":{"line":88,"column":3}},"line":77},"4":{"name":"(anonymous_4)","decl":{"start":{"line":93,"column":2},"end":{"line":93,"column":3}},"loc":{"start":{"line":93,"column":29},"end":{"line":108,"column":3}},"line":93},"5":{"name":"(anonymous_5)","decl":{"start":{"line":113,"column":2},"end":{"line":113,"column":3}},"loc":{"start":{"line":113,"column":28},"end":{"line":119,"column":3}},"line":113}},"branchMap":{"0":{"loc":{"start":{"line":11,"column":6},"end":{"line":11,"column":18}},"type":"default-arg","locations":[{"start":{"line":11,"column":16},"end":{"line":11,"column":18}}],"line":11},"1":{"loc":{"start":{"line":12,"column":6},"end":{"line":12,"column":21}},"type":"default-arg","locations":[{"start":{"line":12,"column":19},"end":{"line":12,"column":21}}],"line":12},"2":{"loc":{"start":{"line":13,"column":6},"end":{"line":13,"column":30}},"type":"default-arg","locations":[{"start":{"line":13,"column":13},"end":{"line":13,"column":30}}],"line":13},"3":{"loc":{"start":{"line":14,"column":6},"end":{"line":14,"column":30}},"type":"default-arg","locations":[{"start":{"line":14,"column":25},"end":{"line":14,"column":30}}],"line":14},"4":{"loc":{"start":{"line":17,"column":4},"end":{"line":21,"column":5}},"type":"if","locations":[{"start":{"line":17,"column":4},"end":{"line":21,"column":5}},{"start":{},"end":{}}],"line":17},"5":{"loc":{"start":{"line":24,"column":13},"end":{"line":24,"column":35}},"type":"binary-expr","locations":[{"start":{"line":24,"column":13},"end":{"line":24,"column":29}},{"start":{"line":24,"column":33},"end":{"line":24,"column":35}}],"line":24},"6":{"loc":{"start":{"line":25,"column":14},"end":{"line":25,"column":36}},"type":"binary-expr","locations":[{"start":{"line":25,"column":14},"end":{"line":25,"column":31}},{"start":{"line":25,"column":35},"end":{"line":25,"column":36}}],"line":25},"7":{"loc":{"start":{"line":28,"column":14},"end":{"line":28,"column":34}},"type":"binary-expr","locations":[{"start":{"line":28,"column":14},"end":{"line":28,"column":26}},{"start":{"line":28,"column":30},"end":{"line":28,"column":34}}],"line":28},"8":{"loc":{"start":{"line":40,"column":15},"end":{"line":40,"column":25}},"type":"default-arg","locations":[{"start":{"line":40,"column":23},"end":{"line":40,"column":25}}],"line":40},"9":{"loc":{"start":{"line":42,"column":4},"end":{"line":44,"column":5}},"type":"if","locations":[{"start":{"line":42,"column":4},"end":{"line":44,"column":5}},{"start":{},"end":{}}],"line":42},"10":{"loc":{"start":{"line":42,"column":8},"end":{"line":42,"column":26}},"type":"binary-expr","locations":[{"start":{"line":42,"column":8},"end":{"line":42,"column":10}},{"start":{"line":42,"column":14},"end":{"line":42,"column":26}}],"line":42},"11":{"loc":{"start":{"line":57,"column":4},"end":{"line":61,"column":5}},"type":"if","locations":[{"start":{"line":57,"column":4},"end":{"line":61,"column":5}},{"start":{},"end":{}}],"line":57},"12":{"loc":{"start":{"line":57,"column":8},"end":{"line":57,"column":74}},"type":"binary-expr","locations":[{"start":{"line":57,"column":8},"end":{"line":57,"column":19}},{"start":{"line":57,"column":23},"end":{"line":57,"column":49}},{"start":{"line":57,"column":53},"end":{"line":57,"column":74}}],"line":57},"13":{"loc":{"start":{"line":63,"column":4},"end":{"line":67,"column":5}},"type":"if","locations":[{"start":{"line":63,"column":4},"end":{"line":67,"column":5}},{"start":{},"end":{}}],"line":63},"14":{"loc":{"start":{"line":79,"column":12},"end":{"line":79,"column":24}},"type":"default-arg","locations":[{"start":{"line":79,"column":22},"end":{"line":79,"column":24}}],"line":79},"15":{"loc":{"start":{"line":96,"column":4},"end":{"line":100,"column":5}},"type":"if","locations":[{"start":{"line":96,"column":4},"end":{"line":100,"column":5}},{"start":{},"end":{}}],"line":96},"16":{"loc":{"start":{"line":114,"column":12},"end":{"line":114,"column":26}},"type":"default-arg","locations":[{"start":{"line":114,"column":24},"end":{"line":114,"column":26}}],"line":114}},"s":{"0":0,"1":0,"2":0,"3":0,"4":0,"5":0,"6":0,"7":0,"8":0,"9":0,"10":0,"11":0,"12":0,"13":0,"14":0,"15":0,"16":0,"17":0,"18":0,"19":0,"20":0,"21":0,"22":0,"23":0,"24":0,"25":0,"26":0,"27":0,"28":0,"29":0,"30":0},"f":{"0":0,"1":0,"2":0,"3":0,"4":0,"5":0},"b":{"0":[0],"1":[0],"2":[0],"3":[0],"4":[0,0],"5":[0,0],"6":[0,0],"7":[0,0],"8":[0],"9":[0,0],"10":[0,0],"11":[0,0],"12":[0,0,0],"13":[0,0],"14":[0],"15":[0,0],"16":[0]}}
,"/Volumes/Data/PDS_ADHESIVE_DB_Inteligent_Search/adhesive-search-platform/src/database/connection.js": {"path":"/Volumes/Data/PDS_ADHESIVE_DB_Inteligent_Search/adhesive-search-platform/src/database/connection.js","statementMap":{"0":{"start":{"line":8,"column":4},"end":{"line":8,"column":28}},"1":{"start":{"line":9,"column":4},"end":{"line":9,"column":19}},"2":{"start":{"line":10,"column":4},"end":{"line":10,"column":29}},"3":{"start":{"line":17,"column":4},"end":{"line":47,"column":5}},"4":{"start":{"line":18,"column":6},"end":{"line":18,"column":41}},"5":{"start":{"line":20,"column":6},"end":{"line":23,"column":9}},"6":{"start":{"line":25,"column":6},"end":{"line":25,"column":30}},"7":{"start":{"line":26,"column":6},"end":{"line":26,"column":51}},"8":{"start":{"line":29,"column":6},"end":{"line":31,"column":9}},"9":{"start":{"line":30,"column":8},"end":{"line":30,"column":55}},"10":{"start":{"line":33,"column":6},"end":{"line":36,"column":9}},"11":{"start":{"line":34,"column":8},"end":{"line":34,"column":44}},"12":{"start":{"line":35,"column":8},"end":{"line":35,"column":33}},"13":{"start":{"line":38,"column":6},"end":{"line":41,"column":9}},"14":{"start":{"line":39,"column":8},"end":{"line":39,"column":43}},"15":{"start":{"line":40,"column":8},"end":{"line":40,"column":32}},"16":{"start":{"line":43,"column":6},"end":{"line":43,"column":33}},"17":{"start":{"line":45,"column":6},"end":{"line":45,"column":73}},"18":{"start":{"line":46,"column":6},"end":{"line":46,"column":18}},"19":{"start":{"line":54,"column":4},"end":{"line":65,"column":5}},"20":{"start":{"line":55,"column":6},"end":{"line":55,"column":85}},"21":{"start":{"line":56,"column":6},"end":{"line":56,"column":39}},"22":{"start":{"line":58,"column":6},"end":{"line":58,"column":59}},"23":{"start":{"line":59,"column":6},"end":{"line":59,"column":53}},"24":{"start":{"line":61,"column":6},"end":{"line":61,"column":21}},"25":{"start":{"line":63,"column":6},"end":{"line":63,"column":78}},"26":{"start":{"line":64,"column":6},"end":{"line":64,"column":18}},"27":{"start":{"line":72,"column":4},"end":{"line":74,"column":5}},"28":{"start":{"line":73,"column":6},"end":{"line":73,"column":77}},"29":{"start":{"line":75,"column":4},"end":{"line":75,"column":46}},"30":{"start":{"line":82,"column":4},"end":{"line":126,"column":5}},"31":{"start":{"line":83,"column":33},"end":{"line":83,"column":88}},"32":{"start":{"line":86,"column":6},"end":{"line":89,"column":8}},"33":{"start":{"line":92,"column":6},"end":{"line":95,"column":9}},"34":{"start":{"line":97,"column":6},"end":{"line":101,"column":9}},"35":{"start":{"line":104,"column":6},"end":{"line":104,"column":79}},"36":{"start":{"line":105,"column":6},"end":{"line":105,"column":77}},"37":{"start":{"line":106,"column":6},"end":{"line":106,"column":71}},"38":{"start":{"line":107,"column":6},"end":{"line":107,"column":78}},"39":{"start":{"line":110,"column":34},"end":{"line":110,"column":90}},"40":{"start":{"line":112,"column":6},"end":{"line":112,"column":79}},"41":{"start":{"line":113,"column":6},"end":{"line":113,"column":68}},"42":{"start":{"line":114,"column":6},"end":{"line":114,"column":77}},"43":{"start":{"line":117,"column":36},"end":{"line":117,"column":94}},"44":{"start":{"line":119,"column":6},"end":{"line":119,"column":83}},"45":{"start":{"line":120,"column":6},"end":{"line":120,"column":64}},"46":{"start":{"line":122,"column":6},"end":{"line":122,"column":59}},"47":{"start":{"line":124,"column":6},"end":{"line":124,"column":53}},"48":{"start":{"line":125,"column":6},"end":{"line":125,"column":18}},"49":{"start":{"line":133,"column":4},"end":{"line":172,"column":5}},"50":{"start":{"line":134,"column":33},"end":{"line":134,"column":88}},"51":{"start":{"line":137,"column":36},"end":{"line":163,"column":7}},"52":{"start":{"line":165,"column":6},"end":{"line":165,"column":84}},"53":{"start":{"line":166,"column":6},"end":{"line":166,"column":77}},"54":{"start":{"line":168,"column":6},"end":{"line":168,"column":35}},"55":{"start":{"line":170,"column":6},"end":{"line":170,"column":67}},"56":{"start":{"line":171,"column":6},"end":{"line":171,"column":18}},"57":{"start":{"line":179,"column":4},"end":{"line":189,"column":5}},"58":{"start":{"line":180,"column":6},"end":{"line":184,"column":7}},"59":{"start":{"line":181,"column":8},"end":{"line":181,"column":37}},"60":{"start":{"line":182,"column":8},"end":{"line":182,"column":59}},"61":{"start":{"line":183,"column":8},"end":{"line":183,"column":20}},"62":{"start":{"line":185,"column":6},"end":{"line":185,"column":19}},"63":{"start":{"line":187,"column":6},"end":{"line":187,"column":62}},"64":{"start":{"line":188,"column":6},"end":{"line":188,"column":19}},"65":{"start":{"line":196,"column":4},"end":{"line":210,"column":5}},"66":{"start":{"line":197,"column":6},"end":{"line":199,"column":7}},"67":{"start":{"line":198,"column":8},"end":{"line":198,"column":42}},"68":{"start":{"line":201,"column":6},"end":{"line":203,"column":7}},"69":{"start":{"line":202,"column":8},"end":{"line":202,"column":39}},"70":{"start":{"line":205,"column":6},"end":{"line":205,"column":31}},"71":{"start":{"line":206,"column":6},"end":{"line":206,"column":49}},"72":{"start":{"line":208,"column":6},"end":{"line":208,"column":65}},"73":{"start":{"line":209,"column":6},"end":{"line":209,"column":18}},"74":{"start":{"line":217,"column":4},"end":{"line":231,"column":5}},"75":{"start":{"line":218,"column":20},"end":{"line":218,"column":41}},"76":{"start":{"line":219,"column":26},"end":{"line":219,"column":67}},"77":{"start":{"line":221,"column":6},"end":{"line":227,"column":8}},"78":{"start":{"line":223,"column":42},"end":{"line":223,"column":48}},"79":{"start":{"line":229,"column":6},"end":{"line":229,"column":59}},"80":{"start":{"line":230,"column":6},"end":{"line":230,"column":18}},"81":{"start":{"line":236,"column":21},"end":{"line":236,"column":45}}},"fnMap":{"0":{"name":"(anonymous_0)","decl":{"start":{"line":7,"column":2},"end":{"line":7,"column":3}},"loc":{"start":{"line":7,"column":16},"end":{"line":11,"column":3}},"line":7},"1":{"name":"(anonymous_1)","decl":{"start":{"line":16,"column":2},"end":{"line":16,"column":3}},"loc":{"start":{"line":16,"column":26},"end":{"line":48,"column":3}},"line":16},"2":{"name":"(anonymous_2)","decl":{"start":{"line":29,"column":38},"end":{"line":29,"column":39}},"loc":{"start":{"line":29,"column":47},"end":{"line":31,"column":7}},"line":29},"3":{"name":"(anonymous_3)","decl":{"start":{"line":33,"column":45},"end":{"line":33,"column":46}},"loc":{"start":{"line":33,"column":51},"end":{"line":36,"column":7}},"line":33},"4":{"name":"(anonymous_4)","decl":{"start":{"line":38,"column":44},"end":{"line":38,"column":45}},"loc":{"start":{"line":38,"column":50},"end":{"line":41,"column":7}},"line":38},"5":{"name":"(anonymous_5)","decl":{"start":{"line":53,"column":2},"end":{"line":53,"column":3}},"loc":{"start":{"line":53,"column":24},"end":{"line":66,"column":3}},"line":53},"6":{"name":"(anonymous_6)","decl":{"start":{"line":71,"column":2},"end":{"line":71,"column":3}},"loc":{"start":{"line":71,"column":32},"end":{"line":76,"column":3}},"line":71},"7":{"name":"(anonymous_7)","decl":{"start":{"line":81,"column":2},"end":{"line":81,"column":3}},"loc":{"start":{"line":81,"column":24},"end":{"line":127,"column":3}},"line":81},"8":{"name":"(anonymous_8)","decl":{"start":{"line":132,"column":2},"end":{"line":132,"column":3}},"loc":{"start":{"line":132,"column":35},"end":{"line":173,"column":3}},"line":132},"9":{"name":"(anonymous_9)","decl":{"start":{"line":178,"column":2},"end":{"line":178,"column":3}},"loc":{"start":{"line":178,"column":25},"end":{"line":190,"column":3}},"line":178},"10":{"name":"(anonymous_10)","decl":{"start":{"line":195,"column":2},"end":{"line":195,"column":3}},"loc":{"start":{"line":195,"column":16},"end":{"line":211,"column":3}},"line":195},"11":{"name":"(anonymous_11)","decl":{"start":{"line":216,"column":2},"end":{"line":216,"column":3}},"loc":{"start":{"line":216,"column":19},"end":{"line":232,"column":3}},"line":216},"12":{"name":"(anonymous_12)","decl":{"start":{"line":223,"column":37},"end":{"line":223,"column":38}},"loc":{"start":{"line":223,"column":42},"end":{"line":223,"column":48}},"line":223}},"branchMap":{"0":{"loc":{"start":{"line":72,"column":4},"end":{"line":74,"column":5}},"type":"if","locations":[{"start":{"line":72,"column":4},"end":{"line":74,"column":5}},{"start":{},"end":{}}],"line":72},"1":{"loc":{"start":{"line":180,"column":6},"end":{"line":184,"column":7}},"type":"if","locations":[{"start":{"line":180,"column":6},"end":{"line":184,"column":7}},{"start":{},"end":{}}],"line":180},"2":{"loc":{"start":{"line":197,"column":6},"end":{"line":199,"column":7}},"type":"if","locations":[{"start":{"line":197,"column":6},"end":{"line":199,"column":7}},{"start":{},"end":{}}],"line":197},"3":{"loc":{"start":{"line":201,"column":6},"end":{"line":203,"column":7}},"type":"if","locations":[{"start":{"line":201,"column":6},"end":{"line":203,"column":7}},{"start":{},"end":{}}],"line":201}},"s":{"0":0,"1":0,"2":0,"3":0,"4":0,"5":0,"6":0,"7":0,"8":0,"9":0,"10":0,"11":0,"12":0,"13":0,"14":0,"15":0,"16":0,"17":0,"18":0,"19":0,"20":0,"21":0,"22":0,"23":0,"24":0,"25":0,"26":0,"27":0,"28":0,"29":0,"30":0,"31":0,"32":0,"33":0,"34":0,"35":0,"36":0,"37":0,"38":0,"39":0,"40":0,"41":0,"42":0,"43":0,"44":0,"45":0,"46":0,"47":0,"48":0,"49":0,"50":0,"51":0,"52":0,"53":0,"54":0,"55":0,"56":0,"57":0,"58":0,"59":0,"60":0,"61":0,"62":0,"63":0,"64":0,"65":0,"66":0,"67":0,"68":0,"69":0,"70":0,"71":0,"72":0,"73":0,"74":0,"75":0,"76":0,"77":0,"78":0,"79":0,"80":0,"81":0},"f":{"0":0,"1":0,"2":0,"3":0,"4":0,"5":0,"6":0,"7":0,"8":0,"9":0,"10":0,"11":0,"12":0},"b":{"0":[0,0],"1":[0,0],"2":[0,0],"3":[0,0]}}
,"/Volumes/Data/PDS_ADHESIVE_DB_Inteligent_Search/adhesive-search-platform/src/middleware/errorHandler.js": {"path":"/Volumes/Data/PDS_ADHESIVE_DB_Inteligent_Search/adhesive-search-platform/src/middleware/errorHandler.js","statementMap":{"0":{"start":{"line":6,"column":28},"end":{"line":8,"column":1}},"1":{"start":{"line":6,"column":36},"end":{"line":8,"column":1}},"2":{"start":{"line":7,"column":2},"end":{"line":7,"column":50}},"3":{"start":{"line":13,"column":24},"end":{"line":17,"column":1}},"4":{"start":{"line":14,"column":16},"end":{"line":14,"column":59}},"5":{"start":{"line":15,"column":2},"end":{"line":15,"column":18}},"6":{"start":{"line":16,"column":2},"end":{"line":16,"column":14}},"7":{"start":{"line":22,"column":28},"end":{"line":71,"column":1}},"8":{"start":{"line":24,"column":2},"end":{"line":24,"column":28}},"9":{"start":{"line":27,"column":19},"end":{"line":27,"column":64}},"10":{"start":{"line":30,"column":2},"end":{"line":38,"column":3}},"11":{"start":{"line":31,"column":4},"end":{"line":31,"column":21}},"12":{"start":{"line":33,"column":4},"end":{"line":37,"column":5}},"13":{"start":{"line":35,"column":20},"end":{"line":35,"column":48}},"14":{"start":{"line":36,"column":6},"end":{"line":36,"column":46}},"15":{"start":{"line":41,"column":2},"end":{"line":45,"column":3}},"16":{"start":{"line":42,"column":4},"end":{"line":42,"column":21}},"17":{"start":{"line":43,"column":19},"end":{"line":43,"column":64}},"18":{"start":{"line":43,"column":54},"end":{"line":43,"column":63}},"19":{"start":{"line":44,"column":4},"end":{"line":44,"column":59}},"20":{"start":{"line":48,"column":2},"end":{"line":51,"column":3}},"21":{"start":{"line":49,"column":4},"end":{"line":49,"column":21}},"22":{"start":{"line":50,"column":4},"end":{"line":50,"column":34}},"23":{"start":{"line":53,"column":2},"end":{"line":56,"column":3}},"24":{"start":{"line":54,"column":4},"end":{"line":54,"column":21}},"25":{"start":{"line":55,"column":4},"end":{"line":55,"column":34}},"26":{"start":{"line":59,"column":2},"end":{"line":70,"column":5}},"27":{"start":{"line":76,"column":29},"end":{"line":83,"column":1}},"28":{"start":{"line":77,"column":2},"end":{"line":77,"column":41}},"29":{"start":{"line":79,"column":2},"end":{"line":82,"column":3}},"30":{"start":{"line":80,"column":4},"end":{"line":80,"column":87}},"31":{"start":{"line":81,"column":4},"end":{"line":81,"column":20}},"32":{"start":{"line":88,"column":40},"end":{"line":94,"column":1}},"33":{"start":{"line":89,"column":2},"end":{"line":93,"column":5}},"34":{"start":{"line":90,"column":4},"end":{"line":90,"column":72}},"35":{"start":{"line":92,"column":4},"end":{"line":92,"column":20}},"36":{"start":{"line":101,"column":4},"end":{"line":101,"column":19}},"37":{"start":{"line":102,"column":4},"end":{"line":102,"column":33}},"38":{"start":{"line":103,"column":4},"end":{"line":103,"column":30}},"39":{"start":{"line":105,"column":4},"end":{"line":105,"column":52}},"40":{"start":{"line":114,"column":4},"end":{"line":114,"column":24}},"41":{"start":{"line":115,"column":4},"end":{"line":115,"column":34}},"42":{"start":{"line":124,"column":4},"end":{"line":124,"column":24}},"43":{"start":{"line":125,"column":4},"end":{"line":125,"column":38}},"44":{"start":{"line":134,"column":4},"end":{"line":134,"column":24}},"45":{"start":{"line":135,"column":4},"end":{"line":135,"column":37}},"46":{"start":{"line":144,"column":4},"end":{"line":144,"column":24}},"47":{"start":{"line":145,"column":4},"end":{"line":145,"column":32}}},"fnMap":{"0":{"name":"(anonymous_0)","decl":{"start":{"line":6,"column":28},"end":{"line":6,"column":29}},"loc":{"start":{"line":6,"column":36},"end":{"line":8,"column":1}},"line":6},"1":{"name":"(anonymous_1)","decl":{"start":{"line":6,"column":36},"end":{"line":6,"column":37}},"loc":{"start":{"line":6,"column":56},"end":{"line":8,"column":1}},"line":6},"2":{"name":"(anonymous_2)","decl":{"start":{"line":13,"column":24},"end":{"line":13,"column":25}},"loc":{"start":{"line":13,"column":44},"end":{"line":17,"column":1}},"line":13},"3":{"name":"(anonymous_3)","decl":{"start":{"line":22,"column":28},"end":{"line":22,"column":29}},"loc":{"start":{"line":22,"column":53},"end":{"line":71,"column":1}},"line":22},"4":{"name":"(anonymous_4)","decl":{"start":{"line":43,"column":49},"end":{"line":43,"column":50}},"loc":{"start":{"line":43,"column":54},"end":{"line":43,"column":63}},"line":43},"5":{"name":"(anonymous_5)","decl":{"start":{"line":76,"column":29},"end":{"line":76,"column":30}},"loc":{"start":{"line":76,"column":40},"end":{"line":83,"column":1}},"line":76},"6":{"name":"(anonymous_6)","decl":{"start":{"line":88,"column":40},"end":{"line":88,"column":41}},"loc":{"start":{"line":88,"column":46},"end":{"line":94,"column":1}},"line":88},"7":{"name":"(anonymous_7)","decl":{"start":{"line":89,"column":35},"end":{"line":89,"column":36}},"loc":{"start":{"line":89,"column":56},"end":{"line":93,"column":3}},"line":89},"8":{"name":"(anonymous_8)","decl":{"start":{"line":100,"column":2},"end":{"line":100,"column":3}},"loc":{"start":{"line":100,"column":35},"end":{"line":106,"column":3}},"line":100},"9":{"name":"(anonymous_9)","decl":{"start":{"line":113,"column":2},"end":{"line":113,"column":3}},"loc":{"start":{"line":113,"column":23},"end":{"line":116,"column":3}},"line":113},"10":{"name":"(anonymous_10)","decl":{"start":{"line":123,"column":2},"end":{"line":123,"column":3}},"loc":{"start":{"line":123,"column":49},"end":{"line":126,"column":3}},"line":123},"11":{"name":"(anonymous_11)","decl":{"start":{"line":133,"column":2},"end":{"line":133,"column":3}},"loc":{"start":{"line":133,"column":41},"end":{"line":136,"column":3}},"line":133},"12":{"name":"(anonymous_12)","decl":{"start":{"line":143,"column":2},"end":{"line":143,"column":3}},"loc":{"start":{"line":143,"column":46},"end":{"line":146,"column":3}},"line":143}},"branchMap":{"0":{"loc":{"start":{"line":27,"column":19},"end":{"line":27,"column":64}},"type":"cond-expr","locations":[{"start":{"line":27,"column":44},"end":{"line":27,"column":47}},{"start":{"line":27,"column":50},"end":{"line":27,"column":64}}],"line":27},"1":{"loc":{"start":{"line":30,"column":2},"end":{"line":38,"column":3}},"type":"if","locations":[{"start":{"line":30,"column":2},"end":{"line":38,"column":3}},{"start":{},"end":{}}],"line":30},"2":{"loc":{"start":{"line":30,"column":6},"end":{"line":30,"column":66}},"type":"binary-expr","locations":[{"start":{"line":30,"column":6},"end":{"line":30,"column":31}},{"start":{"line":30,"column":35},"end":{"line":30,"column":66}}],"line":30},"3":{"loc":{"start":{"line":33,"column":4},"end":{"line":37,"column":5}},"type":"if","locations":[{"start":{"line":33,"column":4},"end":{"line":37,"column":5}},{"start":{},"end":{}}],"line":33},"4":{"loc":{"start":{"line":41,"column":2},"end":{"line":45,"column":3}},"type":"if","locations":[{"start":{"line":41,"column":2},"end":{"line":45,"column":3}},{"start":{},"end":{}}],"line":41},"5":{"loc":{"start":{"line":48,"column":2},"end":{"line":51,"column":3}},"type":"if","locations":[{"start":{"line":48,"column":2},"end":{"line":51,"column":3}},{"start":{},"end":{}}],"line":48},"6":{"loc":{"start":{"line":53,"column":2},"end":{"line":56,"column":3}},"type":"if","locations":[{"start":{"line":53,"column":2},"end":{"line":56,"column":3}},{"start":{},"end":{}}],"line":53},"7":{"loc":{"start":{"line":63,"column":10},"end":{"line":66,"column":7}},"type":"binary-expr","locations":[{"start":{"line":63,"column":10},"end":{"line":63,"column":48}},{"start":{"line":63,"column":52},"end":{"line":66,"column":7}}],"line":63},"8":{"loc":{"start":{"line":79,"column":2},"end":{"line":82,"column":3}},"type":"if","locations":[{"start":{"line":79,"column":2},"end":{"line":82,"column":3}},{"start":{},"end":{}}],"line":79},"9":{"loc":{"start":{"line":123,"column":14},"end":{"line":123,"column":47}},"type":"default-arg","locations":[{"start":{"line":123,"column":24},"end":{"line":123,"column":47}}],"line":123},"10":{"loc":{"start":{"line":133,"column":14},"end":{"line":133,"column":39}},"type":"default-arg","locations":[{"start":{"line":133,"column":24},"end":{"line":133,"column":39}}],"line":133},"11":{"loc":{"start":{"line":143,"column":14},"end":{"line":143,"column":44}},"type":"default-arg","locations":[{"start":{"line":143,"column":24},"end":{"line":143,"column":44}}],"line":143}},"s":{"0":0,"1":0,"2":0,"3":0,"4":0,"5":0,"6":0,"7":0,"8":0,"9":0,"10":0,"11":0,"12":0,"13":0,"14":0,"15":0,"16":0,"17":0,"18":0,"19":0,"20":0,"21":0,"22":0,"23":0,"24":0,"25":0,"26":0,"27":0,"28":0,"29":0,"30":0,"31":0,"32":0,"33":0,"34":0,"35":0,"36":0,"37":0,"38":0,"39":0,"40":0,"41":0,"42":0,"43":0,"44":0,"45":0,"46":0,"47":0},"f":{"0":0,"1":0,"2":0,"3":0,"4":0,"5":0,"6":0,"7":0,"8":0,"9":0,"10":0,"11":0,"12":0},"b":{"0":[0,0],"1":[0,0],"2":[0,0],"3":[0,0],"4":[0,0],"5":[0,0],"6":[0,0],"7":[0,0],"8":[0,0],"9":[0],"10":[0],"11":[0]}}
,"/Volumes/Data/PDS_ADHESIVE_DB_Inteligent_Search/adhesive-search-platform/src/middleware/rateLimiter.improved.js": {"path":"/Volumes/Data/PDS_ADHESIVE_DB_Inteligent_Search/adhesive-search-platform/src/middleware/rateLimiter.improved.js","statementMap":{"0":{"start":{"line":11,"column":4},"end":{"line":11,"column":35}},"1":{"start":{"line":12,"column":4},"end":{"line":12,"column":30}},"2":{"start":{"line":13,"column":4},"end":{"line":13,"column":30}},"3":{"start":{"line":21,"column":4},"end":{"line":27,"column":8}},"4":{"start":{"line":30,"column":4},"end":{"line":35,"column":8}},"5":{"start":{"line":38,"column":4},"end":{"line":43,"column":8}},"6":{"start":{"line":46,"column":4},"end":{"line":50,"column":8}},"7":{"start":{"line":53,"column":4},"end":{"line":57,"column":8}},"8":{"start":{"line":60,"column":4},"end":{"line":64,"column":8}},"9":{"start":{"line":67,"column":4},"end":{"line":72,"column":8}},"10":{"start":{"line":75,"column":4},"end":{"line":79,"column":8}},"11":{"start":{"line":82,"column":4},"end":{"line":86,"column":8}},"12":{"start":{"line":89,"column":4},"end":{"line":93,"column":8}},"13":{"start":{"line":100,"column":19},"end":{"line":127,"column":5}},"14":{"start":{"line":104,"column":19},"end":{"line":104,"column":40}},"15":{"start":{"line":105,"column":23},"end":{"line":105,"column":50}},"16":{"start":{"line":106,"column":8},"end":{"line":106,"column":33}},"17":{"start":{"line":109,"column":8},"end":{"line":114,"column":11}},"18":{"start":{"line":116,"column":8},"end":{"line":123,"column":11}},"19":{"start":{"line":130,"column":4},"end":{"line":135,"column":5}},"20":{"start":{"line":131,"column":6},"end":{"line":134,"column":9}},"21":{"start":{"line":137,"column":4},"end":{"line":137,"column":29}},"22":{"start":{"line":145,"column":22},"end":{"line":145,"column":52}},"23":{"start":{"line":146,"column":4},"end":{"line":148,"column":5}},"24":{"start":{"line":147,"column":6},"end":{"line":147,"column":44}},"25":{"start":{"line":151,"column":19},"end":{"line":151,"column":43}},"26":{"start":{"line":152,"column":4},"end":{"line":154,"column":5}},"27":{"start":{"line":153,"column":6},"end":{"line":153,"column":20}},"28":{"start":{"line":157,"column":4},"end":{"line":157,"column":50}},"29":{"start":{"line":164,"column":4},"end":{"line":164,"column":71}},"30":{"start":{"line":171,"column":4},"end":{"line":214,"column":6}},"31":{"start":{"line":173,"column":23},"end":{"line":173,"column":32}},"32":{"start":{"line":175,"column":19},"end":{"line":175,"column":41}},"33":{"start":{"line":178,"column":6},"end":{"line":210,"column":7}},"34":{"start":{"line":179,"column":8},"end":{"line":179,"column":28}},"35":{"start":{"line":180,"column":13},"end":{"line":210,"column":7}},"36":{"start":{"line":181,"column":8},"end":{"line":181,"column":38}},"37":{"start":{"line":184,"column":11},"end":{"line":210,"column":7}},"38":{"start":{"line":185,"column":8},"end":{"line":185,"column":30}},"39":{"start":{"line":188,"column":11},"end":{"line":210,"column":7}},"40":{"start":{"line":189,"column":8},"end":{"line":189,"column":30}},"41":{"start":{"line":192,"column":11},"end":{"line":210,"column":7}},"42":{"start":{"line":193,"column":8},"end":{"line":193,"column":30}},"43":{"start":{"line":196,"column":11},"end":{"line":210,"column":7}},"44":{"start":{"line":197,"column":8},"end":{"line":197,"column":26}},"45":{"start":{"line":200,"column":11},"end":{"line":210,"column":7}},"46":{"start":{"line":201,"column":8},"end":{"line":201,"column":31}},"47":{"start":{"line":204,"column":11},"end":{"line":210,"column":7}},"48":{"start":{"line":205,"column":8},"end":{"line":205,"column":29}},"49":{"start":{"line":208,"column":11},"end":{"line":210,"column":7}},"50":{"start":{"line":209,"column":8},"end":{"line":209,"column":29}},"51":{"start":{"line":212,"column":22},"end":{"line":212,"column":49}},"52":{"start":{"line":213,"column":6},"end":{"line":213,"column":30}},"53":{"start":{"line":221,"column":4},"end":{"line":232,"column":6}},"54":{"start":{"line":222,"column":23},"end":{"line":222,"column":47}},"55":{"start":{"line":223,"column":25},"end":{"line":223,"column":54}},"56":{"start":{"line":225,"column":22},"end":{"line":229,"column":8}},"57":{"start":{"line":231,"column":6},"end":{"line":231,"column":30}},"58":{"start":{"line":243,"column":8},"end":{"line":243,"column":15}},"59":{"start":{"line":245,"column":21},"end":{"line":245,"column":30}},"60":{"start":{"line":247,"column":4},"end":{"line":303,"column":6}},"61":{"start":{"line":248,"column":18},"end":{"line":248,"column":74}},"62":{"start":{"line":249,"column":18},"end":{"line":249,"column":28}},"63":{"start":{"line":250,"column":26},"end":{"line":250,"column":40}},"64":{"start":{"line":253,"column":6},"end":{"line":255,"column":7}},"65":{"start":{"line":254,"column":8},"end":{"line":254,"column":30}},"66":{"start":{"line":257,"column":25},"end":{"line":257,"column":42}},"67":{"start":{"line":260,"column":28},"end":{"line":260,"column":83}},"68":{"start":{"line":260,"column":59},"end":{"line":260,"column":82}},"69":{"start":{"line":263,"column":6},"end":{"line":280,"column":7}},"70":{"start":{"line":264,"column":30},"end":{"line":264,"column":56}},"71":{"start":{"line":265,"column":26},"end":{"line":265,"column":60}},"72":{"start":{"line":267,"column":8},"end":{"line":267,"column":48}},"73":{"start":{"line":268,"column":8},"end":{"line":268,"column":50}},"74":{"start":{"line":269,"column":8},"end":{"line":269,"column":68}},"75":{"start":{"line":270,"column":8},"end":{"line":270,"column":74}},"76":{"start":{"line":272,"column":8},"end":{"line":279,"column":11}},"77":{"start":{"line":283,"column":6},"end":{"line":283,"column":30}},"78":{"start":{"line":284,"column":6},"end":{"line":284,"column":39}},"79":{"start":{"line":287,"column":6},"end":{"line":287,"column":46}},"80":{"start":{"line":288,"column":6},"end":{"line":288,"column":73}},"81":{"start":{"line":291,"column":6},"end":{"line":300,"column":7}},"82":{"start":{"line":292,"column":8},"end":{"line":299,"column":9}},"83":{"start":{"line":293,"column":24},"end":{"line":293,"column":54}},"84":{"start":{"line":293,"column":38},"end":{"line":293,"column":53}},"85":{"start":{"line":294,"column":10},"end":{"line":298,"column":11}},"86":{"start":{"line":295,"column":12},"end":{"line":295,"column":31}},"87":{"start":{"line":297,"column":12},"end":{"line":297,"column":35}},"88":{"start":{"line":302,"column":6},"end":{"line":302,"column":13}},"89":{"start":{"line":314,"column":8},"end":{"line":314,"column":15}},"90":{"start":{"line":316,"column":18},"end":{"line":316,"column":27}},"91":{"start":{"line":318,"column":4},"end":{"line":364,"column":6}},"92":{"start":{"line":319,"column":18},"end":{"line":319,"column":39}},"93":{"start":{"line":320,"column":18},"end":{"line":320,"column":28}},"94":{"start":{"line":321,"column":26},"end":{"line":321,"column":40}},"95":{"start":{"line":324,"column":28},"end":{"line":324,"column":65}},"96":{"start":{"line":327,"column":6},"end":{"line":329,"column":7}},"97":{"start":{"line":328,"column":8},"end":{"line":328,"column":51}},"98":{"start":{"line":331,"column":24},"end":{"line":331,"column":38}},"99":{"start":{"line":334,"column":6},"end":{"line":334,"column":85}},"100":{"start":{"line":334,"column":58},"end":{"line":334,"column":83}},"101":{"start":{"line":337,"column":26},"end":{"line":337,"column":80}},"102":{"start":{"line":337,"column":64},"end":{"line":337,"column":76}},"103":{"start":{"line":340,"column":6},"end":{"line":351,"column":7}},"104":{"start":{"line":341,"column":8},"end":{"line":350,"column":11}},"105":{"start":{"line":354,"column":6},"end":{"line":357,"column":9}},"106":{"start":{"line":360,"column":6},"end":{"line":360,"column":55}},"107":{"start":{"line":361,"column":6},"end":{"line":361,"column":89}},"108":{"start":{"line":363,"column":6},"end":{"line":363,"column":13}},"109":{"start":{"line":371,"column":4},"end":{"line":373,"column":5}},"110":{"start":{"line":372,"column":6},"end":{"line":372,"column":77}},"111":{"start":{"line":375,"column":16},"end":{"line":375,"column":26}},"112":{"start":{"line":376,"column":24},"end":{"line":376,"column":38}},"113":{"start":{"line":379,"column":18},"end":{"line":379,"column":42}},"114":{"start":{"line":382,"column":4},"end":{"line":382,"column":53}},"115":{"start":{"line":385,"column":4},"end":{"line":385,"column":21}},"116":{"start":{"line":388,"column":4},"end":{"line":388,"column":52}},"117":{"start":{"line":391,"column":4},"end":{"line":391,"column":50}},"118":{"start":{"line":393,"column":20},"end":{"line":393,"column":38}},"119":{"start":{"line":394,"column":18},"end":{"line":394,"column":31}},"120":{"start":{"line":396,"column":4},"end":{"line":400,"column":6}},"121":{"start":{"line":405,"column":26},"end":{"line":405,"column":30}},"122":{"start":{"line":408,"column":2},"end":{"line":408,"column":53}},"123":{"start":{"line":409,"column":2},"end":{"line":409,"column":29}},"124":{"start":{"line":413,"column":2},"end":{"line":415,"column":3}},"125":{"start":{"line":414,"column":4},"end":{"line":414,"column":44}},"126":{"start":{"line":416,"column":2},"end":{"line":416,"column":29}}},"fnMap":{"0":{"name":"(anonymous_0)","decl":{"start":{"line":10,"column":2},"end":{"line":10,"column":3}},"loc":{"start":{"line":10,"column":34},"end":{"line":14,"column":3}},"line":10},"1":{"name":"(anonymous_1)","decl":{"start":{"line":19,"column":2},"end":{"line":19,"column":3}},"loc":{"start":{"line":19,"column":23},"end":{"line":94,"column":3}},"line":19},"2":{"name":"(anonymous_2)","decl":{"start":{"line":99,"column":2},"end":{"line":99,"column":3}},"loc":{"start":{"line":99,"column":25},"end":{"line":138,"column":3}},"line":99},"3":{"name":"(anonymous_3)","decl":{"start":{"line":102,"column":20},"end":{"line":102,"column":21}},"loc":{"start":{"line":102,"column":29},"end":{"line":107,"column":7}},"line":102},"4":{"name":"(anonymous_4)","decl":{"start":{"line":108,"column":15},"end":{"line":108,"column":16}},"loc":{"start":{"line":108,"column":29},"end":{"line":124,"column":7}},"line":108},"5":{"name":"(anonymous_5)","decl":{"start":{"line":143,"column":2},"end":{"line":143,"column":3}},"loc":{"start":{"line":143,"column":19},"end":{"line":158,"column":3}},"line":143},"6":{"name":"(anonymous_6)","decl":{"start":{"line":163,"column":2},"end":{"line":163,"column":3}},"loc":{"start":{"line":163,"column":23},"end":{"line":165,"column":3}},"line":163},"7":{"name":"(anonymous_7)","decl":{"start":{"line":170,"column":2},"end":{"line":170,"column":3}},"loc":{"start":{"line":170,"column":15},"end":{"line":215,"column":3}},"line":170},"8":{"name":"(anonymous_8)","decl":{"start":{"line":171,"column":11},"end":{"line":171,"column":12}},"loc":{"start":{"line":171,"column":31},"end":{"line":214,"column":5}},"line":171},"9":{"name":"(anonymous_9)","decl":{"start":{"line":220,"column":2},"end":{"line":220,"column":3}},"loc":{"start":{"line":220,"column":29},"end":{"line":233,"column":3}},"line":220},"10":{"name":"(anonymous_10)","decl":{"start":{"line":221,"column":11},"end":{"line":221,"column":12}},"loc":{"start":{"line":221,"column":31},"end":{"line":232,"column":5}},"line":221},"11":{"name":"(anonymous_11)","decl":{"start":{"line":238,"column":2},"end":{"line":238,"column":3}},"loc":{"start":{"line":238,"column":38},"end":{"line":304,"column":3}},"line":238},"12":{"name":"(anonymous_12)","decl":{"start":{"line":247,"column":11},"end":{"line":247,"column":12}},"loc":{"start":{"line":247,"column":31},"end":{"line":303,"column":5}},"line":247},"13":{"name":"(anonymous_13)","decl":{"start":{"line":260,"column":46},"end":{"line":260,"column":47}},"loc":{"start":{"line":260,"column":59},"end":{"line":260,"column":82}},"line":260},"14":{"name":"(anonymous_14)","decl":{"start":{"line":293,"column":33},"end":{"line":293,"column":34}},"loc":{"start":{"line":293,"column":38},"end":{"line":293,"column":53}},"line":293},"15":{"name":"(anonymous_15)","decl":{"start":{"line":309,"column":2},"end":{"line":309,"column":3}},"loc":{"start":{"line":309,"column":34},"end":{"line":365,"column":3}},"line":309},"16":{"name":"(anonymous_16)","decl":{"start":{"line":318,"column":11},"end":{"line":318,"column":12}},"loc":{"start":{"line":318,"column":31},"end":{"line":364,"column":5}},"line":318},"17":{"name":"(anonymous_17)","decl":{"start":{"line":334,"column":53},"end":{"line":334,"column":54}},"loc":{"start":{"line":334,"column":58},"end":{"line":334,"column":83}},"line":334},"18":{"name":"(anonymous_18)","decl":{"start":{"line":337,"column":52},"end":{"line":337,"column":53}},"loc":{"start":{"line":337,"column":64},"end":{"line":337,"column":76}},"line":337},"19":{"name":"(anonymous_19)","decl":{"start":{"line":370,"column":2},"end":{"line":370,"column":3}},"loc":{"start":{"line":370,"column":52},"end":{"line":401,"column":3}},"line":370},"20":{"name":"initializeRateLimiter","decl":{"start":{"line":407,"column":16},"end":{"line":407,"column":37}},"loc":{"start":{"line":407,"column":51},"end":{"line":410,"column":1}},"line":407},"21":{"name":"getRateLimiter","decl":{"start":{"line":412,"column":16},"end":{"line":412,"column":30}},"loc":{"start":{"line":412,"column":33},"end":{"line":417,"column":1}},"line":412}},"branchMap":{"0":{"loc":{"start":{"line":10,"column":14},"end":{"line":10,"column":32}},"type":"default-arg","locations":[{"start":{"line":10,"column":28},"end":{"line":10,"column":32}}],"line":10},"1":{"loc":{"start":{"line":105,"column":23},"end":{"line":105,"column":50}},"type":"binary-expr","locations":[{"start":{"line":105,"column":23},"end":{"line":105,"column":35}},{"start":{"line":105,"column":39},"end":{"line":105,"column":50}}],"line":105},"2":{"loc":{"start":{"line":119,"column":21},"end":{"line":119,"column":59}},"type":"binary-expr","locations":[{"start":{"line":119,"column":21},"end":{"line":119,"column":36}},{"start":{"line":119,"column":40},"end":{"line":119,"column":59}}],"line":119},"3":{"loc":{"start":{"line":130,"column":4},"end":{"line":135,"column":5}},"type":"if","locations":[{"start":{"line":130,"column":4},"end":{"line":135,"column":5}},{"start":{},"end":{}}],"line":130},"4":{"loc":{"start":{"line":146,"column":4},"end":{"line":148,"column":5}},"type":"if","locations":[{"start":{"line":146,"column":4},"end":{"line":148,"column":5}},{"start":{},"end":{}}],"line":146},"5":{"loc":{"start":{"line":152,"column":4},"end":{"line":154,"column":5}},"type":"if","locations":[{"start":{"line":152,"column":4},"end":{"line":154,"column":5}},{"start":{},"end":{}}],"line":152},"6":{"loc":{"start":{"line":157,"column":11},"end":{"line":157,"column":49}},"type":"binary-expr","locations":[{"start":{"line":157,"column":11},"end":{"line":157,"column":39}},{"start":{"line":157,"column":43},"end":{"line":157,"column":49}}],"line":157},"7":{"loc":{"start":{"line":164,"column":11},"end":{"line":164,"column":70}},"type":"binary-expr","locations":[{"start":{"line":164,"column":11},"end":{"line":164,"column":38}},{"start":{"line":164,"column":42},"end":{"line":164,"column":70}}],"line":164},"8":{"loc":{"start":{"line":178,"column":6},"end":{"line":210,"column":7}},"type":"if","locations":[{"start":{"line":178,"column":6},"end":{"line":210,"column":7}},{"start":{"line":180,"column":13},"end":{"line":210,"column":7}}],"line":178},"9":{"loc":{"start":{"line":178,"column":10},"end":{"line":178,"column":73}},"type":"binary-expr","locations":[{"start":{"line":178,"column":10},"end":{"line":178,"column":38}},{"start":{"line":178,"column":42},"end":{"line":178,"column":73}}],"line":178},"10":{"loc":{"start":{"line":180,"column":13},"end":{"line":210,"column":7}},"type":"if","locations":[{"start":{"line":180,"column":13},"end":{"line":210,"column":7}},{"start":{"line":184,"column":11},"end":{"line":210,"column":7}}],"line":180},"11":{"loc":{"start":{"line":184,"column":11},"end":{"line":210,"column":7}},"type":"if","locations":[{"start":{"line":184,"column":11},"end":{"line":210,"column":7}},{"start":{"line":188,"column":11},"end":{"line":210,"column":7}}],"line":184},"12":{"loc":{"start":{"line":184,"column":15},"end":{"line":184,"column":76}},"type":"binary-expr","locations":[{"start":{"line":184,"column":15},"end":{"line":184,"column":39}},{"start":{"line":184,"column":43},"end":{"line":184,"column":76}}],"line":184},"13":{"loc":{"start":{"line":188,"column":11},"end":{"line":210,"column":7}},"type":"if","locations":[{"start":{"line":188,"column":11},"end":{"line":210,"column":7}},{"start":{"line":192,"column":11},"end":{"line":210,"column":7}}],"line":188},"14":{"loc":{"start":{"line":188,"column":15},"end":{"line":188,"column":67}},"type":"binary-expr","locations":[{"start":{"line":188,"column":15},"end":{"line":188,"column":39}},{"start":{"line":188,"column":43},"end":{"line":188,"column":67}}],"line":188},"15":{"loc":{"start":{"line":192,"column":11},"end":{"line":210,"column":7}},"type":"if","locations":[{"start":{"line":192,"column":11},"end":{"line":210,"column":7}},{"start":{"line":196,"column":11},"end":{"line":210,"column":7}}],"line":192},"16":{"loc":{"start":{"line":192,"column":15},"end":{"line":192,"column":69}},"type":"binary-expr","locations":[{"start":{"line":192,"column":15},"end":{"line":192,"column":39}},{"start":{"line":192,"column":43},"end":{"line":192,"column":69}}],"line":192},"17":{"loc":{"start":{"line":196,"column":11},"end":{"line":210,"column":7}},"type":"if","locations":[{"start":{"line":196,"column":11},"end":{"line":210,"column":7}},{"start":{"line":200,"column":11},"end":{"line":210,"column":7}}],"line":196},"18":{"loc":{"start":{"line":196,"column":15},"end":{"line":196,"column":91}},"type":"binary-expr","locations":[{"start":{"line":196,"column":15},"end":{"line":196,"column":35}},{"start":{"line":196,"column":39},"end":{"line":196,"column":62}},{"start":{"line":196,"column":66},"end":{"line":196,"column":91}}],"line":196},"19":{"loc":{"start":{"line":200,"column":11},"end":{"line":210,"column":7}},"type":"if","locations":[{"start":{"line":200,"column":11},"end":{"line":210,"column":7}},{"start":{"line":204,"column":11},"end":{"line":210,"column":7}}],"line":200},"20":{"loc":{"start":{"line":204,"column":11},"end":{"line":210,"column":7}},"type":"if","locations":[{"start":{"line":204,"column":11},"end":{"line":210,"column":7}},{"start":{"line":208,"column":11},"end":{"line":210,"column":7}}],"line":204},"21":{"loc":{"start":{"line":208,"column":11},"end":{"line":210,"column":7}},"type":"if","locations":[{"start":{"line":208,"column":11},"end":{"line":210,"column":7}},{"start":{},"end":{}}],"line":208},"22":{"loc":{"start":{"line":222,"column":23},"end":{"line":222,"column":47}},"type":"binary-expr","locations":[{"start":{"line":222,"column":23},"end":{"line":222,"column":37}},{"start":{"line":222,"column":41},"end":{"line":222,"column":47}}],"line":222},"23":{"loc":{"start":{"line":223,"column":25},"end":{"line":223,"column":54}},"type":"binary-expr","locations":[{"start":{"line":223,"column":25},"end":{"line":223,"column":40}},{"start":{"line":223,"column":44},"end":{"line":223,"column":54}}],"line":223},"24":{"loc":{"start":{"line":226,"column":18},"end":{"line":226,"column":50}},"type":"binary-expr","locations":[{"start":{"line":226,"column":18},"end":{"line":226,"column":37}},{"start":{"line":226,"column":41},"end":{"line":226,"column":50}}],"line":226},"25":{"loc":{"start":{"line":227,"column":13},"end":{"line":227,"column":33}},"type":"binary-expr","locations":[{"start":{"line":227,"column":13},"end":{"line":227,"column":27}},{"start":{"line":227,"column":31},"end":{"line":227,"column":33}}],"line":227},"26":{"loc":{"start":{"line":228,"column":17},"end":{"line":228,"column":74}},"type":"binary-expr","locations":[{"start":{"line":228,"column":17},"end":{"line":228,"column":35}},{"start":{"line":228,"column":39},"end":{"line":228,"column":74}}],"line":228},"27":{"loc":{"start":{"line":240,"column":6},"end":{"line":240,"column":22}},"type":"default-arg","locations":[{"start":{"line":240,"column":17},"end":{"line":240,"column":22}}],"line":240},"28":{"loc":{"start":{"line":241,"column":6},"end":{"line":241,"column":15}},"type":"default-arg","locations":[{"start":{"line":241,"column":12},"end":{"line":241,"column":15}}],"line":241},"29":{"loc":{"start":{"line":248,"column":18},"end":{"line":248,"column":74}},"type":"cond-expr","locations":[{"start":{"line":248,"column":33},"end":{"line":248,"column":50}},{"start":{"line":248,"column":53},"end":{"line":248,"column":74}}],"line":248},"30":{"loc":{"start":{"line":253,"column":6},"end":{"line":255,"column":7}},"type":"if","locations":[{"start":{"line":253,"column":6},"end":{"line":255,"column":7}},{"start":{},"end":{}}],"line":253},"31":{"loc":{"start":{"line":263,"column":6},"end":{"line":280,"column":7}},"type":"if","locations":[{"start":{"line":263,"column":6},"end":{"line":280,"column":7}},{"start":{},"end":{}}],"line":263},"32":{"loc":{"start":{"line":275,"column":21},"end":{"line":275,"column":61}},"type":"binary-expr","locations":[{"start":{"line":275,"column":21},"end":{"line":275,"column":36}},{"start":{"line":275,"column":40},"end":{"line":275,"column":61}}],"line":275},"33":{"loc":{"start":{"line":291,"column":6},"end":{"line":300,"column":7}},"type":"if","locations":[{"start":{"line":291,"column":6},"end":{"line":300,"column":7}},{"start":{},"end":{}}],"line":291},"34":{"loc":{"start":{"line":294,"column":10},"end":{"line":298,"column":11}},"type":"if","locations":[{"start":{"line":294,"column":10},"end":{"line":298,"column":11}},{"start":{"line":296,"column":17},"end":{"line":298,"column":11}}],"line":294},"35":{"loc":{"start":{"line":311,"column":6},"end":{"line":311,"column":20}},"type":"default-arg","locations":[{"start":{"line":311,"column":16},"end":{"line":311,"column":20}}],"line":311},"36":{"loc":{"start":{"line":312,"column":6},"end":{"line":312,"column":22}},"type":"default-arg","locations":[{"start":{"line":312,"column":17},"end":{"line":312,"column":22}}],"line":312},"37":{"loc":{"start":{"line":313,"column":6},"end":{"line":313,"column":16}},"type":"default-arg","locations":[{"start":{"line":313,"column":14},"end":{"line":313,"column":16}}],"line":313},"38":{"loc":{"start":{"line":324,"column":28},"end":{"line":324,"column":65}},"type":"binary-expr","locations":[{"start":{"line":324,"column":28},"end":{"line":324,"column":43}},{"start":{"line":324,"column":47},"end":{"line":324,"column":60}},{"start":{"line":324,"column":64},"end":{"line":324,"column":65}}],"line":324},"39":{"loc":{"start":{"line":327,"column":6},"end":{"line":329,"column":7}},"type":"if","locations":[{"start":{"line":327,"column":6},"end":{"line":329,"column":7}},{"start":{},"end":{}}],"line":327},"40":{"loc":{"start":{"line":340,"column":6},"end":{"line":351,"column":7}},"type":"if","locations":[{"start":{"line":340,"column":6},"end":{"line":351,"column":7}},{"start":{},"end":{}}],"line":340},"41":{"loc":{"start":{"line":371,"column":4},"end":{"line":373,"column":5}},"type":"if","locations":[{"start":{"line":371,"column":4},"end":{"line":373,"column":5}},{"start":{},"end":{}}],"line":371},"42":{"loc":{"start":{"line":413,"column":2},"end":{"line":415,"column":3}},"type":"if","locations":[{"start":{"line":413,"column":2},"end":{"line":415,"column":3}},{"start":{},"end":{}}],"line":413}},"s":{"0":0,"1":0,"2":0,"3":0,"4":0,"5":0,"6":0,"7":0,"8":0,"9":0,"10":0,"11":0,"12":0,"13":0,"14":0,"15":0,"16":0,"17":0,"18":0,"19":0,"20":0,"21":0,"22":0,"23":0,"24":0,"25":0,"26":0,"27":0,"28":0,"29":0,"30":0,"31":0,"32":0,"33":0,"34":0,"35":0,"36":0,"37":0,"38":0,"39":0,"40":0,"41":0,"42":0,"43":0,"44":0,"45":0,"46":0,"47":0,"48":0,"49":0,"50":0,"51":0,"52":0,"53":0,"54":0,"55":0,"56":0,"57":0,"58":0,"59":0,"60":0,"61":0,"62":0,"63":0,"64":0,"65":0,"66":0,"67":0,"68":0,"69":0,"70":0,"71":0,"72":0,"73":0,"74":0,"75":0,"76":0,"77":0,"78":0,"79":0,"80":0,"81":0,"82":0,"83":0,"84":0,"85":0,"86":0,"87":0,"88":0,"89":0,"90":0,"91":0,"92":0,"93":0,"94":0,"95":0,"96":0,"97":0,"98":0,"99":0,"100":0,"101":0,"102":0,"103":0,"104":0,"105":0,"106":0,"107":0,"108":0,"109":0,"110":0,"111":0,"112":0,"113":0,"114":0,"115":0,"116":0,"117":0,"118":0,"119":0,"120":0,"121":0,"122":0,"123":0,"124":0,"125":0,"126":0},"f":{"0":0,"1":0,"2":0,"3":0,"4":0,"5":0,"6":0,"7":0,"8":0,"9":0,"10":0,"11":0,"12":0,"13":0,"14":0,"15":0,"16":0,"17":0,"18":0,"19":0,"20":0,"21":0},"b":{"0":[0],"1":[0,0],"2":[0,0],"3":[0,0],"4":[0,0],"5":[0,0],"6":[0,0],"7":[0,0],"8":[0,0],"9":[0,0],"10":[0,0],"11":[0,0],"12":[0,0],"13":[0,0],"14":[0,0],"15":[0,0],"16":[0,0],"17":[0,0],"18":[0,0,0],"19":[0,0],"20":[0,0],"21":[0,0],"22":[0,0],"23":[0,0],"24":[0,0],"25":[0,0],"26":[0,0],"27":[0],"28":[0],"29":[0,0],"30":[0,0],"31":[0,0],"32":[0,0],"33":[0,0],"34":[0,0],"35":[0],"36":[0],"37":[0],"38":[0,0,0],"39":[0,0],"40":[0,0],"41":[0,0],"42":[0,0]}}
,"/Volumes/Data/PDS_ADHESIVE_DB_Inteligent_Search/adhesive-search-platform/src/middleware/validation.improved.js": {"path":"/Volumes/Data/PDS_ADHESIVE_DB_Inteligent_Search/adhesive-search-platform/src/middleware/validation.improved.js","statementMap":{"0":{"start":{"line":13,"column":19},"end":{"line":13,"column":40}},"1":{"start":{"line":14,"column":4},"end":{"line":29,"column":5}},"2":{"start":{"line":15,"column":6},"end":{"line":19,"column":9}},"3":{"start":{"line":21,"column":6},"end":{"line":28,"column":9}},"4":{"start":{"line":24,"column":44},"end":{"line":27,"column":9}},"5":{"start":{"line":30,"column":4},"end":{"line":30,"column":11}},"6":{"start":{"line":37,"column":4},"end":{"line":102,"column":6}},"7":{"start":{"line":42,"column":34},"end":{"line":42,"column":74}},"8":{"start":{"line":45,"column":37},"end":{"line":51,"column":11}},"9":{"start":{"line":53,"column":10},"end":{"line":57,"column":11}},"10":{"start":{"line":54,"column":12},"end":{"line":56,"column":13}},"11":{"start":{"line":55,"column":14},"end":{"line":55,"column":64}},"12":{"start":{"line":58,"column":10},"end":{"line":58,"column":22}},"13":{"start":{"line":87,"column":34},"end":{"line":87,"column":66}},"14":{"start":{"line":109,"column":4},"end":{"line":118,"column":6}},"15":{"start":{"line":125,"column":4},"end":{"line":208,"column":6}},"16":{"start":{"line":136,"column":34},"end":{"line":136,"column":68}},"17":{"start":{"line":180,"column":34},"end":{"line":180,"column":68}},"18":{"start":{"line":190,"column":34},"end":{"line":190,"column":68}},"19":{"start":{"line":215,"column":4},"end":{"line":237,"column":6}},"20":{"start":{"line":220,"column":34},"end":{"line":220,"column":74}},"21":{"start":{"line":244,"column":4},"end":{"line":281,"column":6}},"22":{"start":{"line":247,"column":25},"end":{"line":247,"column":61}},"23":{"start":{"line":258,"column":34},"end":{"line":258,"column":68}},"24":{"start":{"line":278,"column":34},"end":{"line":278,"column":68}},"25":{"start":{"line":288,"column":4},"end":{"line":302,"column":6}},"26":{"start":{"line":309,"column":4},"end":{"line":328,"column":6}},"27":{"start":{"line":314,"column":34},"end":{"line":314,"column":71}},"28":{"start":{"line":335,"column":4},"end":{"line":349,"column":6}},"29":{"start":{"line":338,"column":25},"end":{"line":338,"column":59}},"30":{"start":{"line":356,"column":4},"end":{"line":383,"column":6}},"31":{"start":{"line":361,"column":34},"end":{"line":361,"column":68}},"32":{"start":{"line":376,"column":10},"end":{"line":378,"column":11}},"33":{"start":{"line":377,"column":12},"end":{"line":377,"column":69}},"34":{"start":{"line":379,"column":10},"end":{"line":379,"column":22}},"35":{"start":{"line":390,"column":4},"end":{"line":419,"column":6}},"36":{"start":{"line":393,"column":25},"end":{"line":396,"column":10}},"37":{"start":{"line":427,"column":4},"end":{"line":429,"column":5}},"38":{"start":{"line":428,"column":6},"end":{"line":428,"column":57}},"39":{"start":{"line":432,"column":4},"end":{"line":434,"column":5}},"40":{"start":{"line":433,"column":6},"end":{"line":433,"column":55}},"41":{"start":{"line":437,"column":4},"end":{"line":443,"column":5}},"42":{"start":{"line":438,"column":6},"end":{"line":442,"column":7}},"43":{"start":{"line":439,"column":8},"end":{"line":441,"column":9}},"44":{"start":{"line":440,"column":10},"end":{"line":440,"column":63}},"45":{"start":{"line":445,"column":4},"end":{"line":445,"column":11}},"46":{"start":{"line":452,"column":4},"end":{"line":464,"column":6}},"47":{"start":{"line":453,"column":26},"end":{"line":453,"column":49}},"48":{"start":{"line":455,"column":6},"end":{"line":461,"column":7}},"49":{"start":{"line":455,"column":53},"end":{"line":455,"column":79}},"50":{"start":{"line":456,"column":8},"end":{"line":460,"column":11}},"51":{"start":{"line":463,"column":6},"end":{"line":463,"column":13}},"52":{"start":{"line":471,"column":4},"end":{"line":484,"column":6}},"53":{"start":{"line":472,"column":28},"end":{"line":472,"column":74}},"54":{"start":{"line":473,"column":23},"end":{"line":473,"column":46}},"55":{"start":{"line":475,"column":6},"end":{"line":481,"column":7}},"56":{"start":{"line":476,"column":8},"end":{"line":480,"column":11}},"57":{"start":{"line":483,"column":6},"end":{"line":483,"column":13}},"58":{"start":{"line":491,"column":18},"end":{"line":496,"column":5}},"59":{"start":{"line":498,"column":18},"end":{"line":498,"column":75}},"60":{"start":{"line":499,"column":4},"end":{"line":499,"column":40}},"61":{"start":{"line":499,"column":16},"end":{"line":499,"column":40}},"62":{"start":{"line":501,"column":28},"end":{"line":501,"column":33}},"63":{"start":{"line":502,"column":4},"end":{"line":502,"column":55}}},"fnMap":{"0":{"name":"(anonymous_0)","decl":{"start":{"line":12,"column":2},"end":{"line":12,"column":3}},"loc":{"start":{"line":12,"column":48},"end":{"line":31,"column":3}},"line":12},"1":{"name":"(anonymous_1)","decl":{"start":{"line":24,"column":36},"end":{"line":24,"column":37}},"loc":{"start":{"line":24,"column":44},"end":{"line":27,"column":9}},"line":24},"2":{"name":"(anonymous_2)","decl":{"start":{"line":36,"column":2},"end":{"line":36,"column":3}},"loc":{"start":{"line":36,"column":31},"end":{"line":103,"column":3}},"line":36},"3":{"name":"(anonymous_3)","decl":{"start":{"line":42,"column":25},"end":{"line":42,"column":26}},"loc":{"start":{"line":42,"column":34},"end":{"line":42,"column":74}},"line":42},"4":{"name":"(anonymous_4)","decl":{"start":{"line":43,"column":16},"end":{"line":43,"column":17}},"loc":{"start":{"line":43,"column":25},"end":{"line":59,"column":9}},"line":43},"5":{"name":"(anonymous_5)","decl":{"start":{"line":87,"column":25},"end":{"line":87,"column":26}},"loc":{"start":{"line":87,"column":34},"end":{"line":87,"column":66}},"line":87},"6":{"name":"(anonymous_6)","decl":{"start":{"line":108,"column":2},"end":{"line":108,"column":3}},"loc":{"start":{"line":108,"column":29},"end":{"line":119,"column":3}},"line":108},"7":{"name":"(anonymous_7)","decl":{"start":{"line":124,"column":2},"end":{"line":124,"column":3}},"loc":{"start":{"line":124,"column":31},"end":{"line":209,"column":3}},"line":124},"8":{"name":"(anonymous_8)","decl":{"start":{"line":136,"column":25},"end":{"line":136,"column":26}},"loc":{"start":{"line":136,"column":34},"end":{"line":136,"column":68}},"line":136},"9":{"name":"(anonymous_9)","decl":{"start":{"line":180,"column":25},"end":{"line":180,"column":26}},"loc":{"start":{"line":180,"column":34},"end":{"line":180,"column":68}},"line":180},"10":{"name":"(anonymous_10)","decl":{"start":{"line":190,"column":25},"end":{"line":190,"column":26}},"loc":{"start":{"line":190,"column":34},"end":{"line":190,"column":68}},"line":190},"11":{"name":"(anonymous_11)","decl":{"start":{"line":214,"column":2},"end":{"line":214,"column":3}},"loc":{"start":{"line":214,"column":34},"end":{"line":238,"column":3}},"line":214},"12":{"name":"(anonymous_12)","decl":{"start":{"line":220,"column":25},"end":{"line":220,"column":26}},"loc":{"start":{"line":220,"column":34},"end":{"line":220,"column":74}},"line":220},"13":{"name":"(anonymous_13)","decl":{"start":{"line":243,"column":2},"end":{"line":243,"column":3}},"loc":{"start":{"line":243,"column":38},"end":{"line":282,"column":3}},"line":243},"14":{"name":"(anonymous_14)","decl":{"start":{"line":247,"column":16},"end":{"line":247,"column":17}},"loc":{"start":{"line":247,"column":25},"end":{"line":247,"column":61}},"line":247},"15":{"name":"(anonymous_15)","decl":{"start":{"line":258,"column":25},"end":{"line":258,"column":26}},"loc":{"start":{"line":258,"column":34},"end":{"line":258,"column":68}},"line":258},"16":{"name":"(anonymous_16)","decl":{"start":{"line":278,"column":25},"end":{"line":278,"column":26}},"loc":{"start":{"line":278,"column":34},"end":{"line":278,"column":68}},"line":278},"17":{"name":"(anonymous_17)","decl":{"start":{"line":287,"column":2},"end":{"line":287,"column":3}},"loc":{"start":{"line":287,"column":34},"end":{"line":303,"column":3}},"line":287},"18":{"name":"(anonymous_18)","decl":{"start":{"line":308,"column":2},"end":{"line":308,"column":3}},"loc":{"start":{"line":308,"column":30},"end":{"line":329,"column":3}},"line":308},"19":{"name":"(anonymous_19)","decl":{"start":{"line":314,"column":25},"end":{"line":314,"column":26}},"loc":{"start":{"line":314,"column":34},"end":{"line":314,"column":71}},"line":314},"20":{"name":"(anonymous_20)","decl":{"start":{"line":334,"column":2},"end":{"line":334,"column":3}},"loc":{"start":{"line":334,"column":34},"end":{"line":350,"column":3}},"line":334},"21":{"name":"(anonymous_21)","decl":{"start":{"line":338,"column":16},"end":{"line":338,"column":17}},"loc":{"start":{"line":338,"column":25},"end":{"line":338,"column":59}},"line":338},"22":{"name":"(anonymous_22)","decl":{"start":{"line":355,"column":2},"end":{"line":355,"column":3}},"loc":{"start":{"line":355,"column":26},"end":{"line":384,"column":3}},"line":355},"23":{"name":"(anonymous_23)","decl":{"start":{"line":361,"column":25},"end":{"line":361,"column":26}},"loc":{"start":{"line":361,"column":34},"end":{"line":361,"column":68}},"line":361},"24":{"name":"(anonymous_24)","decl":{"start":{"line":375,"column":16},"end":{"line":375,"column":17}},"loc":{"start":{"line":375,"column":25},"end":{"line":380,"column":9}},"line":375},"25":{"name":"(anonymous_25)","decl":{"start":{"line":389,"column":2},"end":{"line":389,"column":3}},"loc":{"start":{"line":389,"column":27},"end":{"line":420,"column":3}},"line":389},"26":{"name":"(anonymous_26)","decl":{"start":{"line":393,"column":16},"end":{"line":393,"column":17}},"loc":{"start":{"line":393,"column":25},"end":{"line":396,"column":10}},"line":393},"27":{"name":"(anonymous_27)","decl":{"start":{"line":425,"column":2},"end":{"line":425,"column":3}},"loc":{"start":{"line":425,"column":43},"end":{"line":446,"column":3}},"line":425},"28":{"name":"(anonymous_28)","decl":{"start":{"line":451,"column":2},"end":{"line":451,"column":3}},"loc":{"start":{"line":451,"column":66},"end":{"line":465,"column":3}},"line":451},"29":{"name":"(anonymous_29)","decl":{"start":{"line":452,"column":11},"end":{"line":452,"column":12}},"loc":{"start":{"line":452,"column":31},"end":{"line":464,"column":5}},"line":452},"30":{"name":"(anonymous_30)","decl":{"start":{"line":455,"column":45},"end":{"line":455,"column":46}},"loc":{"start":{"line":455,"column":53},"end":{"line":455,"column":79}},"line":455},"31":{"name":"(anonymous_31)","decl":{"start":{"line":470,"column":2},"end":{"line":470,"column":3}},"loc":{"start":{"line":470,"column":44},"end":{"line":485,"column":3}},"line":470},"32":{"name":"(anonymous_32)","decl":{"start":{"line":471,"column":11},"end":{"line":471,"column":12}},"loc":{"start":{"line":471,"column":31},"end":{"line":484,"column":5}},"line":471},"33":{"name":"(anonymous_33)","decl":{"start":{"line":490,"column":2},"end":{"line":490,"column":3}},"loc":{"start":{"line":490,"column":25},"end":{"line":503,"column":3}},"line":490}},"branchMap":{"0":{"loc":{"start":{"line":14,"column":4},"end":{"line":29,"column":5}},"type":"if","locations":[{"start":{"line":14,"column":4},"end":{"line":29,"column":5}},{"start":{},"end":{}}],"line":14},"1":{"loc":{"start":{"line":54,"column":12},"end":{"line":56,"column":13}},"type":"if","locations":[{"start":{"line":54,"column":12},"end":{"line":56,"column":13}},{"start":{},"end":{}}],"line":54},"2":{"loc":{"start":{"line":376,"column":10},"end":{"line":378,"column":11}},"type":"if","locations":[{"start":{"line":376,"column":10},"end":{"line":378,"column":11}},{"start":{},"end":{}}],"line":376},"3":{"loc":{"start":{"line":427,"column":4},"end":{"line":429,"column":5}},"type":"if","locations":[{"start":{"line":427,"column":4},"end":{"line":429,"column":5}},{"start":{},"end":{}}],"line":427},"4":{"loc":{"start":{"line":427,"column":8},"end":{"line":427,"column":50}},"type":"binary-expr","locations":[{"start":{"line":427,"column":8},"end":{"line":427,"column":17}},{"start":{"line":427,"column":21},"end":{"line":427,"column":50}}],"line":427},"5":{"loc":{"start":{"line":432,"column":4},"end":{"line":434,"column":5}},"type":"if","locations":[{"start":{"line":432,"column":4},"end":{"line":434,"column":5}},{"start":{},"end":{}}],"line":432},"6":{"loc":{"start":{"line":432,"column":8},"end":{"line":432,"column":48}},"type":"binary-expr","locations":[{"start":{"line":432,"column":8},"end":{"line":432,"column":16}},{"start":{"line":432,"column":20},"end":{"line":432,"column":48}}],"line":432},"7":{"loc":{"start":{"line":437,"column":4},"end":{"line":443,"column":5}},"type":"if","locations":[{"start":{"line":437,"column":4},"end":{"line":443,"column":5}},{"start":{},"end":{}}],"line":437},"8":{"loc":{"start":{"line":437,"column":8},"end":{"line":437,"column":52}},"type":"binary-expr","locations":[{"start":{"line":437,"column":8},"end":{"line":437,"column":18}},{"start":{"line":437,"column":22},"end":{"line":437,"column":52}}],"line":437},"9":{"loc":{"start":{"line":439,"column":8},"end":{"line":441,"column":9}},"type":"if","locations":[{"start":{"line":439,"column":8},"end":{"line":441,"column":9}},{"start":{},"end":{}}],"line":439},"10":{"loc":{"start":{"line":451,"column":29},"end":{"line":451,"column":64}},"type":"default-arg","locations":[{"start":{"line":451,"column":44},"end":{"line":451,"column":64}}],"line":451},"11":{"loc":{"start":{"line":455,"column":6},"end":{"line":461,"column":7}},"type":"if","locations":[{"start":{"line":455,"column":6},"end":{"line":461,"column":7}},{"start":{},"end":{}}],"line":455},"12":{"loc":{"start":{"line":455,"column":10},"end":{"line":455,"column":80}},"type":"binary-expr","locations":[{"start":{"line":455,"column":10},"end":{"line":455,"column":22}},{"start":{"line":455,"column":26},"end":{"line":455,"column":80}}],"line":455},"13":{"loc":{"start":{"line":470,"column":26},"end":{"line":470,"column":42}},"type":"default-arg","locations":[{"start":{"line":470,"column":36},"end":{"line":470,"column":42}}],"line":470},"14":{"loc":{"start":{"line":472,"column":37},"end":{"line":472,"column":69}},"type":"binary-expr","locations":[{"start":{"line":472,"column":37},"end":{"line":472,"column":62}},{"start":{"line":472,"column":66},"end":{"line":472,"column":69}}],"line":472},"15":{"loc":{"start":{"line":475,"column":6},"end":{"line":481,"column":7}},"type":"if","locations":[{"start":{"line":475,"column":6},"end":{"line":481,"column":7}},{"start":{},"end":{}}],"line":475},"16":{"loc":{"start":{"line":499,"column":4},"end":{"line":499,"column":40}},"type":"if","locations":[{"start":{"line":499,"column":4},"end":{"line":499,"column":40}},{"start":{},"end":{}}],"line":499}},"s":{"0":0,"1":0,"2":0,"3":0,"4":0,"5":0,"6":0,"7":0,"8":0,"9":0,"10":0,"11":0,"12":0,"13":0,"14":0,"15":0,"16":0,"17":0,"18":0,"19":0,"20":0,"21":0,"22":0,"23":0,"24":0,"25":0,"26":0,"27":0,"28":0,"29":0,"30":0,"31":0,"32":0,"33":0,"34":0,"35":0,"36":0,"37":0,"38":0,"39":0,"40":0,"41":0,"42":0,"43":0,"44":0,"45":0,"46":0,"47":0,"48":0,"49":0,"50":0,"51":0,"52":0,"53":0,"54":0,"55":0,"56":0,"57":0,"58":0,"59":0,"60":0,"61":0,"62":0,"63":0},"f":{"0":0,"1":0,"2":0,"3":0,"4":0,"5":0,"6":0,"7":0,"8":0,"9":0,"10":0,"11":0,"12":0,"13":0,"14":0,"15":0,"16":0,"17":0,"18":0,"19":0,"20":0,"21":0,"22":0,"23":0,"24":0,"25":0,"26":0,"27":0,"28":0,"29":0,"30":0,"31":0,"32":0,"33":0},"b":{"0":[0,0],"1":[0,0],"
[...]
,"/Volumes/Data/PDS_ADHESIVE_DB_Inteligent_Search/adhesive-search-platform/src/utils/security.js": {"path":"/Volumes/Data/PDS_ADHESIVE_DB_Inteligent_Search/adhesive-search-platform/src/utils/security.js","statementMap":{"0":{"start":{"line":13,"column":4},"end":{"line":13,"column":46}},"1":{"start":{"line":13,"column":36},"end":{"line":13,"column":46}},"2":{"start":{"line":17,"column":22},"end":{"line":21,"column":13}},"3":{"start":{"line":23,"column":4},"end":{"line":23,"column":21}},"4":{"start":{"line":30,"column":4},"end":{"line":30,"column":55}},"5":{"start":{"line":30,"column":45},"end":{"line":30,"column":55}},"6":{"start":{"line":32,"column":22},"end":{"line":32,"column":24}},"7":{"start":{"line":34,"column":4},"end":{"line":51,"column":5}},"8":{"start":{"line":36,"column":6},"end":{"line":38,"column":7}},"9":{"start":{"line":37,"column":8},"end":{"line":37,"column":17}},"10":{"start":{"line":41,"column":6},"end":{"line":50,"column":7}},"11":{"start":{"line":42,"column":8},"end":{"line":42,"column":51}},"12":{"start":{"line":43,"column":13},"end":{"line":50,"column":7}},"13":{"start":{"line":45,"column":8},"end":{"line":47,"column":10}},"14":{"start":{"line":46,"column":10},"end":{"line":46,"column":88}},"15":{"start":{"line":49,"column":8},"end":{"line":49,"column":51}},"16":{"start":{"line":53,"column":4},"end":{"line":53,"column":21}},"17":{"start":{"line":60,"column":4},"end":{"line":60,"column":60}},"18":{"start":{"line":60,"column":47},"end":{"line":60,"column":60}},"19":{"start":{"line":63,"column":4},"end":{"line":66,"column":5}},"20":{"start":{"line":65,"column":6},"end":{"line":65,"column":38}},"21":{"start":{"line":69,"column":4},"end":{"line":73,"column":5}},"22":{"start":{"line":70,"column":6},"end":{"line":70,"column":44}},"23":{"start":{"line":70,"column":35},"end":{"line":70,"column":44}},"24":{"start":{"line":71,"column":6},"end":{"line":71,"column":74}},"25":{"start":{"line":71,"column":43},"end":{"line":71,"column":74}},"26":{"start":{"line":72,"column":6},"end":{"line":72,"column":74}},"27":{"start":{"line":72,"column":43},"end":{"line":72,"column":74}},"28":{"start":{"line":75,"column":4},"end":{"line":75,"column":17}},"29":{"start":{"line":82,"column":4},"end":{"line":84,"column":5}},"30":{"start":{"line":83,"column":6},"end":{"line":83,"column":46}},"31":{"start":{"line":87,"column":20},"end":{"line":87,"column":53}},"32":{"start":{"line":90,"column":4},"end":{"line":92,"column":5}},"33":{"start":{"line":91,"column":6},"end":{"line":91,"column":71}},"34":{"start":{"line":94,"column":4},"end":{"line":96,"column":5}},"35":{"start":{"line":95,"column":6},"end":{"line":95,"column":72}},"36":{"start":{"line":99,"column":4},"end":{"line":99,"column":44}},"37":{"start":{"line":102,"column":31},"end":{"line":109,"column":5}},"38":{"start":{"line":111,"column":4},"end":{"line":115,"column":5}},"39":{"start":{"line":112,"column":6},"end":{"line":114,"column":7}},"40":{"start":{"line":113,"column":8},"end":{"line":113,"column":62}},"41":{"start":{"line":117,"column":4},"end":{"line":117,"column":21}},"42":{"start":{"line":124,"column":4},"end":{"line":124,"column":54}},"43":{"start":{"line":131,"column":4},"end":{"line":134,"column":21}},"44":{"start":{"line":141,"column":4},"end":{"line":141,"column":26}},"45":{"start":{"line":141,"column":13},"end":{"line":141,"column":26}},"46":{"start":{"line":142,"column":28},"end":{"line":142,"column":47}},"47":{"start":{"line":143,"column":4},"end":{"line":143,"column":36}},"48":{"start":{"line":155,"column":8},"end":{"line":155,"column":15}},"49":{"start":{"line":158,"column":16},"end":{"line":158,"column":68}},"50":{"start":{"line":161,"column":4},"end":{"line":163,"column":5}},"51":{"start":{"line":162,"column":6},"end":{"line":162,"column":26}},"52":{"start":{"line":166,"column":4},"end":{"line":166,"column":30}},"53":{"start":{"line":166,"column":19},"end":{"line":166,"column":30}},"54":{"start":{"line":167,"column":4},"end":{"line":167,"column":30}},"55":{"start":{"line":167,"column":19},"end":{"line":167,"column":30}},"56":{"start":{"line":169,"column":4},"end":{"line":169,"column":15}},"57":{"start":{"line":176,"column":4},"end":{"line":176,"column":61}},"58":{"start":{"line":176,"column":51},"end":{"line":176,"column":61}},"59":{"start":{"line":179,"column":4},"end":{"line":183,"column":14}},"60":{"start":{"line":190,"column":4},"end":{"line":190,"column":58}},"61":{"start":{"line":190,"column":45},"end":{"line":190,"column":58}},"62":{"start":{"line":191,"column":4},"end":{"line":191,"column":36}},"63":{"start":{"line":198,"column":4},"end":{"line":198,"column":54}},"64":{"start":{"line":198,"column":41},"end":{"line":198,"column":54}},"65":{"start":{"line":200,"column":30},"end":{"line":205,"column":5}},"66":{"start":{"line":207,"column":4},"end":{"line":207,"column":51}},"67":{"start":{"line":215,"column":15},"end":{"line":215,"column":53}},"68":{"start":{"line":216,"column":19},"end":{"line":216,"column":46}},"69":{"start":{"line":217,"column":4},"end":{"line":217,"column":40}},"70":{"start":{"line":224,"column":27},"end":{"line":229,"column":6}},"71":{"start":{"line":231,"column":28},"end":{"line":236,"column":6}},"72":{"start":{"line":238,"column":4},"end":{"line":241,"column":6}},"73":{"start":{"line":248,"column":30},"end":{"line":255,"column":5}},"74":{"start":{"line":257,"column":30},"end":{"line":257,"column":56}},"75":{"start":{"line":259,"column":18},"end":{"line":259,"column":81}},"76":{"start":{"line":260,"column":18},"end":{"line":260,"column":76}},"77":{"start":{"line":262,"column":4},"end":{"line":262,"column":28}}},"fnMap":{"0":{"name":"(anonymous_0)","decl":{"start":{"line":12,"column":2},"end":{"line":12,"column":3}},"loc":{"start":{"line":12,"column":29},"end":{"line":24,"column":3}},"line":12},"1":{"name":"(anonymous_1)","decl":{"start":{"line":29,"column":2},"end":{"line":29,"column":3}},"loc":{"start":{"line":29,"column":30},"end":{"line":54,"column":3}},"line":29},"2":{"name":"(anonymous_2)","decl":{"start":{"line":45,"column":35},"end":{"line":45,"column":36}},"loc":{"start":{"line":46,"column":10},"end":{"line":46,"column":88}},"line":46},"3":{"name":"(anonymous_3)","decl":{"start":{"line":59,"column":2},"end":{"line":59,"column":3}},"loc":{"start":{"line":59,"column":30},"end":{"line":76,"column":3}},"line":59},"4":{"name":"(anonymous_4)","decl":{"start":{"line":81,"column":2},"end":{"line":81,"column":3}},"loc":{"start":{"line":81,"column":36},"end":{"line":118,"column":3}},"line":81},"5":{"name":"(anonymous_5)","decl":{"start":{"line":123,"column":2},"end":{"line":123,"column":3}},"loc":{"start":{"line":123,"column":42},"end":{"line":125,"column":3}},"line":123},"6":{"name":"(anonymous_6)","decl":{"start":{"line":130,"column":2},"end":{"line":130,"column":3}},"loc":{"start":{"line":130,"column":35},"end":{"line":135,"column":3}},"line":130},"7":{"name":"(anonymous_7)","decl":{"start":{"line":140,"column":2},"end":{"line":140,"column":3}},"loc":{"start":{"line":140,"column":29},"end":{"line":144,"column":3}},"line":140},"8":{"name":"(anonymous_8)","decl":{"start":{"line":149,"column":2},"end":{"line":149,"column":3}},"loc":{"start":{"line":149,"column":46},"end":{"line":170,"column":3}},"line":149},"9":{"name":"(anonymous_9)","decl":{"start":{"line":175,"column":2},"end":{"line":175,"column":3}},"loc":{"start":{"line":175,"column":36},"end":{"line":184,"column":3}},"line":175},"10":{"name":"(anonymous_10)","decl":{"start":{"line":189,"column":2},"end":{"line":189,"column":3}},"loc":{"start":{"line":189,"column":30},"end":{"line":192,"column":3}},"line":189},"11":{"name":"(anonymous_11)","decl":{"start":{"line":197,"column":2},"end":{"line":197,"column":3}},"loc":{"start":{"line":197,"column":40},"end":{"line":208,"column":3}},"line":197},"12":{"name":"(anonymous_12)","decl":{"start":{"line":213,"column":2},"end":{"line":213,"column":3}},"loc":{"start":{"line":213,"column":30},"end":{"line":218,"column":3}},"line":213},"13":{"name":"(anonymous_13)","decl":{"start":{"line":223,"column":2},"end":{"line":223,"column":3}},"loc":{"start":{"line":223,"column":43},"end":{"line":242,"column":3}},"line":223},"14":{"name":"(anonymous_14)","decl":{"start":{"line":247,"column":2},"end":{"line":247,"column":3}},"loc":{"start":{"line":247,"column":44},"end":{"line":263,"column":3}},"line":247}},"branchMap":{"0":{"loc":{"start":{"line":13,"column":4},"end":{"line":13,"column":46}},"type":"if","locations":[{"start":{"line":13,"column":4},"end":{"line":13,"column":46}},{"start":{},"end":{}}],"line":13},"1":{"loc":{"start":{"line":30,"column":4},"end":{"line":30,"column":55}},"type":"if","locations":[{"start":{"line":30,"column":4},"end":{"line":30,"column":55}},{"start":{},"end":{}}],"line":30},"2":{"loc":{"start":{"line":30,"column":8},"end":{"line":30,"column":43}},"type":"binary-expr","locations":[{"start":{"line":30,"column":8},"end":{"line":30,"column":14}},{"start":{"line":30,"column":18},"end":{"line":30,"column":43}}],"line":30},"3":{"loc":{"start":{"line":36,"column":6},"end":{"line":38,"column":7}},"type":"if","locations":[{"start":{"line":36,"column":6},"end":{"line":38,"column":7}},{"start":{},"end":{}}],"line":36},"4":{"loc":{"start":{"line":36,"column":10},"end":{"line":36,"column":48}},"type":"binary-expr","locations":[{"start":{"line":36,"column":10},"end":{"line":36,"column":27}},{"start":{"line":36,"column":31},"end":{"line":36,"column":48}}],"line":36},"5":{"loc":{"start":{"line":41,"column":6},"end":{"line":50,"column":7}},"type":"if","locations":[{"start":{"line":41,"column":6},"end":{"line":50,"column":7}},{"start":{"line":43,"column":13},"end":{"line":50,"column":7}}],"line":41},"6":{"loc":{"start":{"line":41,"column":10},"end":{"line":41,"column":78}},"type":"binary-expr","locations":[{"start":{"line":41,"column":10},"end":{"line":41,"column":35}},{"start":{"line":41,"column":39},"end":{"line":41,"column":53}},{"start":{"line":41,"column":57},"end":{"line":41,"column":78}}],"line":41},"7":{"loc":{"start":{"line":43,"column":13},"end":{"line":50,"column":7}},"type":"if","locations":[{"start":{"line":43,"column":13},"end":{"line":50,"column":7}},{"start":{"line":48,"column":13},"end":{"line":50,"column":7}}],"line":43},"8":{"loc":{"start":{"line":46,"column":10},"end":{"line":46,"column":88}},"type":"cond-expr","locations":[{"start":{"line":46,"column":37},"end":{"line":46,"column":61}},{"start":{"line":46,"column":64},"end":{"line":46,"column":88}}],"line":46},"9":{"loc":{"start":{"line":60,"column":4},"end":{"line":60,"column":60}},"type":"if","locations":[{"start":{"line":60,"column":4},"end":{"line":60,"column":60}},{"start":{},"end":{}}],"line":60},"10":{"loc":{"start":{"line":60,"column":8},"end":{"line":60,"column":45}},"type":"binary-expr","locations":[{"start":{"line":60,"column":8},"end":{"line":60,"column":22}},{"start":{"line":60,"column":26},"end":{"line":60,"column":45}}],"line":60},"11":{"loc":{"start":{"line":63,"column":4},"end":{"line":66,"column":5}},"type":"if","locations":[{"start":{"line":63,"column":4},"end":{"line":66,"column":5}},{"start":{},"end":{}}],"line":63},"12":{"loc":{"start":{"line":69,"column":4},"end":{"line":73,"column":5}},"type":"if","locations":[{"start":{"line":69,"column":4},"end":{"line":73,"column":5}},{"start":{},"end":{}}],"line":69},"13":{"loc":{"start":{"line":70,"column":6},"end":{"line":70,"column":44}},"type":"if","locations":[{"start":{"line":70,"column":6},"end":{"line":70,"column":44}},{"start":{},"end":{}}],"line":70},"14":{"loc":{"start":{"line":71,"column":6},"end":{"line":71,"column":74}},"type":"if","locations":[{"start":{"line":71,"column":6},"end":{"line":71,"column":74}},{"start":{},"end":{}}],"line":71},"15":{"loc":{"start":{"line":72,"column":6},"end":{"line":72,"column":74}},"type":"if","locations":[{"start":{"line":72,"column":6},"end":{"line":72,"column":74}},{"start":{},"end":{}}],"line":72},"16":{"loc":{"start":{"line":82,"column":4},"end":{"line":84,"column":5}},"type":"if","locations":[{"start":{"line":82,"column":4},"end":{"line":84,"column":5}},{"start":{},"end":{}}],"line":82},"17":{"loc":{"start":{"line":82,"column":8},"end":{"line":82,"column":43}},"type":"binary-expr","locations":[{"start":{"line":82,"column":8},"end":{"line":82,"column":14}},{"start":{"line":82,"column":18},"end":{"line":82,"column":43}}],"line":82},"18":{"loc":{"start":{"line":90,"column":4},"end":{"line":92,"column":5}},"type":"if","locations":[{"start":{"line":90,"column":4},"end":{"line":92,"column":5}},{"start":{},"end":{}}],"line":90},"19":{"loc":{"start":{"line":94,"column":4},"end":{"line":96,"column":5}},"type":"if","locations":[{"start":{"line":94,"column":4},"end":{"line":96,"column":5}},{"start":{},"end":{}}],"line":94},"20":{"loc":{"start":{"line":112,"column":6},"end":{"line":114,"column":7}},"type":"if","locations":[{"start":{"line":112,"column":6},"end":{"line":114,"column":7}},{"start":{},"end":{}}],"line":112},"21":{"loc":{"start":{"line":123,"column":29},"end":{"line":123,"column":40}},"type":"default-arg","locations":[{"start":{"line":123,"column":38},"end":{"line":123,"column":40}}],"line":123},"22":{"loc":{"start":{"line":130,"column":24},"end":{"line":130,"column":33}},"type":"default-arg","locations":[{"start":{"line":130,"column":31},"end":{"line":130,"column":33}}],"line":130},"23":{"loc":{"start":{"line":141,"column":4},"end":{"line":141,"column":26}},"type":"if","locations":[{"start":{"line":141,"column":4},"end":{"line":141,"column":26}},{"start":{},"end":{}}],"line":141},"24":{"loc":{"start":{"line":149,"column":32},"end":{"line":149,"column":44}},"type":"default-arg","locations":[{"start":{"line":149,"column":42},"end":{"line":149,"column":44}}],"line":149},"25":{"loc":{"start":{"line":151,"column":6},"end":{"line":151,"column":35}},"type":"default-arg","locations":[{"start":{"line":151,"column":12},"end":{"line":151,"column":35}}],"line":151},"26":{"loc":{"start":{"line":152,"column":6},"end":{"line":152,"column":35}},"type":"default-arg","locations":[{"start":{"line":152,"column":12},"end":{"line":152,"column":35}}],"line":152},"27":{"loc":{"start":{"line":153,"column":6},"end":{"line":153,"column":23}},"type":"default-arg","locations":[{"start":{"line":153,"column":19},"end":{"line":153,"column":23}}],"line":153},"28":{"loc":{"start":{"line":154,"column":6},"end":{"line":154,"column":22}},"type":"default-arg","locations":[{"start":{"line":154,"column":21},"end":{"line":154,"column":22}}],"line":154},"29":{"loc":{"start":{"line":158,"column":16},"end":{"line":158,"column":68}},"type":"cond-expr","locations":[{"start":{"line":158,"column":29},"end":{"line":158,"column":46}},{"start":{"line":158,"column":49},"end":{"line":158,"column":68}}],"line":158},"30":{"loc":{"start":{"line":161,"column":4},"end":{"line":163,"column":5}},"type":"if","locations":[{"start":{"line":161,"column":4},"end":{"line":163,"column":5}},{"start":{},"end":{}}],"line":161},"31":{"loc":{"start":{"line":166,"column":4},"end":{"line":166,"column":30}},"type":"if","locations":[{"start":{"line":166,"column":4},"end":{"line":166,"column":30}},{"start":{},"end":{}}],"line":166},"32":{"loc":{"start":{"line":167,"column":4},"end":{"line":167,"column":30}},"type":"if","locations":[{"start":{"line":167,"column":4},"end":{"line":167,"column":30}},{"start":{},"end":{}}],"line":167},"33":{"loc":{"start":{"line":176,"column":4},"end":{"line":176,"column":61}},"type":"if","locations":[{"start":{"line":176,"column":4},"end":{"line":176,"column":61}},{"start":{},"end":{}}],"line":176},"34":{"loc":{"start":{"line":176,"column":8},"end":{"line":176,"column":49}},"type":"binary-expr","locations":[{"start":{"line":176,"column":8},"end":{"line":176,"column":17}},{"start":{"line":176,"column":21},"end":{"line":176,"column":49}}],"line":176},"35":{"loc":{"start":{"line":190,"column":4},"end":{"line":190,"column":58}},"type":"if","locations":[{"start":{"line":190,"column":4},"end":{"line":190,"column":58}},{"start":{},"end":{}}],"line":190},"36":{"loc":{"start":{"line":190,"column":8},"end":{"line":190,"column":43}},"type":"binary-expr","locations":[{"start":{"line":190,"column":8},"end":{"line":190,"column":14}},{"start":{"line":190,"column":18},"end":{"line":190,"column":43}}],"line":190},"37":{"loc":{"start":{"line":197,"column":26},"end":{"line":197,"column":38}},"type":"default-arg","locations":[{"start":{"line":197,"column":36},"end":{"line":197,"column":38}}],"line":197},"38":{"loc":{"start":{"line":198,"column":4},"end":{"line":198,"column":54}},"type":"if","locations":[{"start":{"line":198,"column":4},"end":{"line":198,"column":54}},{"start":{},"end":{}}],"line":198},"39":{"loc":{"start":{"line":198,"column":8},"end":{"line":198,"column":39}},"type":"binary-expr","locations":[{"start":{"line":198,"column":8},"end":{"line":198,"column":12}},{"start":{"line":198,"column":16},"end":{"line":198,"column":39}}],"line":198},"40":{"loc":{"start":{"line":215,"column":15},"end":{"line":215,"column":53}},"type":"binary-expr","locations":[{"start":{"line":215,"column":15},"end":{"line":215,"column":21}},{"start":{"line":215,"column":25},"end":{"line":215,"column":53}}],"line":215},"41":{"loc":{"start":{"line":216,"column":19},"end":{"line":216,"column":46}},"type":"binary-expr","locations":[{"start":{"line":216,"column":19},"end":{"line":216,"column":31}},{"start":{"line":216,"column":35},"end":{"line":216,"column":46}}],"line":216},"42":{"loc":{"start":{"line":259,"column":18},"end":{"line":259,"column":81}},"type":"cond-expr","locations":[{"start":{"line":259,"column":58},"end":{"line":259,"column":67}},{"start":{"line":259,"column":70},"end":{"line":259,"column":81}}],"line":259},"43":{"loc":{"start":{"line":260,"column":18},"end":{"line":260,"column":76}},"type":"cond-expr","locations":[{"start":{"line":260,"column":58},"end":{"line":260,"column":67}},{"start":{"line":260,"column":70},"end":{"line":260,"column":76}}],"line":260}},"s":{"0":0,"1":0,"2":0,"3":0,"4":0,"5":0,"6":0,"7":0,"8":0,"9":0,"10":0,"11":0,"12":0,"13":0,"14":0,"15":0,"16":0,"17":0,"18":0,"19":0,"20":0,"21":0,"22":0,"23":0,"24":0,"25":0,"26":0,"27":0,"28":0,"29":0,"30":0,"31":0,"32":0,"33":0,"34":0,"35":0,"36":0,"37":0,"38":0,"39":0,"40":0,"41":0,"42":0,"43":0,"44":0,"45":0,"46":0,"47":0,"48":0,"49":0,"50":0,"51":0,"52":0,"53":0,"54":0,"55":0,"56":0,"57":0,"58":0,"59":0,"60":0,"61":0,"62":0,"63":0,"64":0,"65":0,"66":0,"67":0,"68":0,"69":0,"70":0,"71":0,"72":0,"73":0,"74":0,"75":0,"76":0,"77":0},"f":{"0":0,"1":0,"2":0,"3":0,"4":0,"5":0,"6":0,"7":0,"8":0,"9":0,"10":0,"11":0,"12":0,"13":0,"14":0},"b":{"0":[0,0],"1":[0,0],"2":[0,0],"3":[0,0],"4":[0,0],"5":[0,0],"6":[0,0,0],"7":[0,0],"8":[0,0],"9":[0,0],"10":[0,0],"11":[0,0],"12":[0,0],"13":[0,0],"14":[0,0],"15":[0,0],"16":[0,0],"17":[0,0],"18":[0,0],"19":[0,0],"20":[0,0],"21":[0],"22":[0],"23":[0,0],"24":[0],"25":[0],"26":[0],"27":[0],"28":[0],"29":[0,0],"30":[0,0],"31":[0,0],"32":[0,0],"33":[0,0],"34":[0,0],"35":[0,0],"36":[0,0],"37":[0],"38":[0,0],"39":[0,0],"40":[0,0],"41":[0,0],"42":[0,0],"43":[0,0]}}
}
