TN:
SF:src/app.js
FN:69,(anonymous_0)
FN:79,(anonymous_1)
FN:106,(anonymous_2)
FN:110,(anonymous_3)
FN:117,(anonymous_4)
FN:120,(anonymous_5)
FN:127,(anonymous_6)
FN:134,(anonymous_7)
FN:135,(anonymous_8)
FNF:9
FNH:0
FNDA:0,(anonymous_0)
FNDA:0,(anonymous_1)
FNDA:0,(anonymous_2)
FNDA:0,(anonymous_3)
FNDA:0,(anonymous_4)
FNDA:0,(anonymous_5)
FNDA:0,(anonymous_6)
FNDA:0,(anonymous_7)
FNDA:0,(anonymous_8)
DA:18,0
DA:21,0
DA:24,0
DA:37,0
DA:40,0
DA:43,0
DA:44,0
DA:47,0
DA:50,0
DA:51,0
DA:53,0
DA:57,0
DA:66,0
DA:69,0
DA:70,0
DA:79,0
DA:80,0
DA:91,0
DA:92,0
DA:95,0
DA:96,0
DA:100,0
DA:103,0
DA:106,0
DA:107,0
DA:110,0
DA:111,0
DA:114,0
DA:118,0
DA:119,0
DA:121,0
DA:122,0
DA:127,0
DA:128,0
DA:129,0
DA:134,0
DA:135,0
LF:37
LH:0
BRDA:50,0,0,0
BRDA:50,0,1,0
BRDA:95,1,0,0
BRDA:95,1,1,0
BRF:4
BRH:0
end_of_record
TN:
SF:src/controllers/knowledgeBase.controller.js
FN:8,(anonymous_0)
FN:29,(anonymous_1)
FN:46,(anonymous_2)
FN:73,(anonymous_3)
FN:76,(anonymous_4)
FN:79,(anonymous_5)
FN:92,(anonymous_6)
FN:108,(anonymous_7)
FN:124,(anonymous_8)
FN:132,(anonymous_9)
FN:153,(anonymous_10)
FNF:11
FNH:0
FNDA:0,(anonymous_0)
FNDA:0,(anonymous_1)
FNDA:0,(anonymous_2)
FNDA:0,(anonymous_3)
FNDA:0,(anonymous_4)
FNDA:0,(anonymous_5)
FNDA:0,(anonymous_6)
FNDA:0,(anonymous_7)
FNDA:0,(anonymous_8)
FNDA:0,(anonymous_9)
FNDA:0,(anonymous_10)
DA:9,0
DA:11,0
DA:12,0
DA:17,0
DA:23,0
DA:30,0
DA:32,0
DA:34,0
DA:35,0
DA:40,0
DA:53,0
DA:55,0
DA:56,0
DA:61,0
DA:67,0
DA:75,0
DA:77,0
DA:80,0
DA:83,0
DA:93,0
DA:94,0
DA:96,0
DA:98,0
DA:109,0
DA:110,0
DA:112,0
DA:114,0
DA:125,0
DA:126,0
DA:133,0
DA:134,0
DA:136,0
DA:138,0
DA:139,0
DA:144,0
DA:154,0
DA:160,0
DA:162,0
DA:169,0
DA:170,0
DA:175,0
DA:183,0
LF:42
LH:0
BRDA:9,0,0,0
BRDA:9,1,0,0
BRDA:9,2,0,0
BRDA:11,3,0,0
BRDA:11,3,1,0
BRDA:34,4,0,0
BRDA:34,4,1,0
BRDA:49,5,0,0
BRDA:50,6,0,0
BRDA:51,7,0,0
BRDA:52,8,0,0
BRDA:55,9,0,0
BRDA:55,9,1,0
BRDA:94,10,0,0
BRDA:110,11,0,0
BRDA:134,12,0,0
BRDA:138,13,0,0
BRDA:138,13,1,0
BRDA:169,14,0,0
BRDA:169,14,1,0
BRF:20
BRH:0
end_of_record
TN:
SF:src/controllers/search.controller.js
FN:8,(anonymous_0)
FN:39,(anonymous_1)
FN:54,(anonymous_2)
FN:77,(anonymous_3)
FN:93,(anonymous_4)
FN:113,(anonymous_5)
FNF:6
FNH:0
FNDA:0,(anonymous_0)
FNDA:0,(anonymous_1)
FNDA:0,(anonymous_2)
FNDA:0,(anonymous_3)
FNDA:0,(anonymous_4)
FNDA:0,(anonymous_5)
DA:15,0
DA:17,0
DA:18,0
DA:23,0
DA:31,0
DA:33,0
DA:40,0
DA:42,0
DA:43,0
DA:46,0
DA:48,0
DA:55,0
DA:57,0
DA:58,0
DA:63,0
DA:64,0
DA:69,0
DA:71,0
DA:78,0
DA:79,0
DA:81,0
DA:83,0
DA:94,0
DA:96,0
DA:97,0
DA:102,0
DA:104,0
DA:114,0
DA:116,0
DA:118,0
DA:123,0
LF:31
LH:0
BRDA:11,0,0,0
BRDA:12,1,0,0
BRDA:13,2,0,0
BRDA:14,3,0,0
BRDA:17,4,0,0
BRDA:17,4,1,0
BRDA:24,5,0,0
BRDA:24,5,1,0
BRDA:25,6,0,0
BRDA:25,6,1,0
BRDA:28,7,0,0
BRDA:28,7,1,0
BRDA:40,8,0,0
BRDA:42,9,0,0
BRDA:42,9,1,0
BRDA:42,10,0,0
BRDA:42,10,1,0
BRDA:57,11,0,0
BRDA:57,11,1,0
BRDA:57,12,0,0
BRDA:57,12,1,0
BRDA:57,12,2,0
BRDA:63,13,0,0
BRDA:63,13,1,0
BRDA:79,14,0,0
BRDA:96,15,0,0
BRDA:96,15,1,0
BRDA:114,16,0,0
BRF:28
BRH:0
end_of_record
TN:
SF:src/database/connection.js
FN:7,(anonymous_0)
FN:16,(anonymous_1)
FN:29,(anonymous_2)
FN:33,(anonymous_3)
FN:38,(anonymous_4)
FN:53,(anonymous_5)
FN:71,(anonymous_6)
FN:81,(anonymous_7)
FN:132,(anonymous_8)
FN:178,(anonymous_9)
FN:195,(anonymous_10)
FN:216,(anonymous_11)
FN:223,(anonymous_12)
FNF:13
FNH:0
FNDA:0,(anonymous_0)
FNDA:0,(anonymous_1)
FNDA:0,(anonymous_2)
FNDA:0,(anonymous_3)
FNDA:0,(anonymous_4)
FNDA:0,(anonymous_5)
FNDA:0,(anonymous_6)
FNDA:0,(anonymous_7)
FNDA:0,(anonymous_8)
FNDA:0,(anonymous_9)
FNDA:0,(anonymous_10)
FNDA:0,(anonymous_11)
FNDA:0,(anonymous_12)
DA:8,0
DA:9,0
DA:10,0
DA:17,0
DA:18,0
DA:20,0
DA:25,0
DA:26,0
DA:29,0
DA:30,0
DA:33,0
DA:34,0
DA:35,0
DA:38,0
DA:39,0
DA:40,0
DA:43,0
DA:45,0
DA:46,0
DA:54,0
DA:55,0
DA:56,0
DA:58,0
DA:59,0
DA:61,0
DA:63,0
DA:64,0
DA:72,0
DA:73,0
DA:75,0
DA:82,0
DA:83,0
DA:86,0
DA:92,0
DA:97,0
DA:104,0
DA:105,0
DA:106,0
DA:107,0
DA:110,0
DA:112,0
DA:113,0
DA:114,0
DA:117,0
DA:119,0
DA:120,0
DA:122,0
DA:124,0
DA:125,0
DA:133,0
DA:134,0
DA:137,0
DA:165,0
DA:166,0
DA:168,0
DA:170,0
DA:171,0
DA:179,0
DA:180,0
DA:181,0
DA:182,0
DA:183,0
DA:185,0
DA:187,0
DA:188,0
DA:196,0
DA:197,0
DA:198,0
DA:201,0
DA:202,0
DA:205,0
DA:206,0
DA:208,0
DA:209,0
DA:217,0
DA:218,0
DA:219,0
DA:221,0
DA:223,0
DA:229,0
DA:230,0
DA:236,0
LF:82
LH:0
BRDA:72,0,0,0
BRDA:72,0,1,0
BRDA:180,1,0,0
BRDA:180,1,1,0
BRDA:197,2,0,0
BRDA:197,2,1,0
BRDA:201,3,0,0
BRDA:201,3,1,0
BRF:8
BRH:0
end_of_record
TN:
SF:src/middleware/errorHandler.js
FN:6,(anonymous_0)
FN:6,(anonymous_1)
FN:13,(anonymous_2)
FN:22,(anonymous_3)
FN:43,(anonymous_4)
FN:76,(anonymous_5)
FN:88,(anonymous_6)
FN:89,(anonymous_7)
FN:100,(anonymous_8)
FN:113,(anonymous_9)
FN:123,(anonymous_10)
FN:133,(anonymous_11)
FN:143,(anonymous_12)
FNF:13
FNH:0
FNDA:0,(anonymous_0)
FNDA:0,(anonymous_1)
FNDA:0,(anonymous_2)
FNDA:0,(anonymous_3)
FNDA:0,(anonymous_4)
FNDA:0,(anonymous_5)
FNDA:0,(anonymous_6)
FNDA:0,(anonymous_7)
FNDA:0,(anonymous_8)
FNDA:0,(anonymous_9)
FNDA:0,(anonymous_10)
FNDA:0,(anonymous_11)
FNDA:0,(anonymous_12)
DA:6,0
DA:7,0
DA:13,0
DA:14,0
DA:15,0
DA:16,0
DA:22,0
DA:24,0
DA:27,0
DA:30,0
DA:31,0
DA:33,0
DA:35,0
DA:36,0
DA:41,0
DA:42,0
DA:43,0
DA:44,0
DA:48,0
DA:49,0
DA:50,0
DA:53,0
DA:54,0
DA:55,0
DA:59,0
DA:76,0
DA:77,0
DA:79,0
DA:80,0
DA:81,0
DA:88,0
DA:89,0
DA:90,0
DA:92,0
DA:101,0
DA:102,0
DA:103,0
DA:105,0
DA:114,0
DA:115,0
DA:124,0
DA:125,0
DA:134,0
DA:135,0
DA:144,0
DA:145,0
LF:46
LH:0
BRDA:27,0,0,0
BRDA:27,0,1,0
BRDA:30,1,0,0
BRDA:30,1,1,0
BRDA:30,2,0,0
BRDA:30,2,1,0
BRDA:33,3,0,0
BRDA:33,3,1,0
BRDA:41,4,0,0
BRDA:41,4,1,0
BRDA:48,5,0,0
BRDA:48,5,1,0
BRDA:53,6,0,0
BRDA:53,6,1,0
BRDA:63,7,0,0
BRDA:63,7,1,0
BRDA:79,8,0,0
BRDA:79,8,1,0
BRDA:123,9,0,0
BRDA:133,10,0,0
BRDA:143,11,0,0
BRF:21
BRH:0
end_of_record
TN:
SF:src/middleware/rateLimiter.improved.js
FN:10,(anonymous_0)
FN:19,(anonymous_1)
FN:99,(anonymous_2)
FN:102,(anonymous_3)
FN:108,(anonymous_4)
FN:143,(anonymous_5)
FN:163,(anonymous_6)
FN:170,(anonymous_7)
FN:171,(anonymous_8)
FN:220,(anonymous_9)
FN:221,(anonymous_10)
FN:238,(anonymous_11)
FN:247,(anonymous_12)
FN:260,(anonymous_13)
FN:293,(anonymous_14)
FN:309,(anonymous_15)
FN:318,(anonymous_16)
FN:334,(anonymous_17)
FN:337,(anonymous_18)
FN:370,(anonymous_19)
FN:407,initializeRateLimiter
FN:412,getRateLimiter
FNF:22
FNH:0
FNDA:0,(anonymous_0)
FNDA:0,(anonymous_1)
FNDA:0,(anonymous_2)
FNDA:0,(anonymous_3)
FNDA:0,(anonymous_4)
FNDA:0,(anonymous_5)
FNDA:0,(anonymous_6)
FNDA:0,(anonymous_7)
FNDA:0,(anonymous_8)
FNDA:0,(anonymous_9)
FNDA:0,(anonymous_10)
FNDA:0,(anonymous_11)
FNDA:0,(anonymous_12)
FNDA:0,(anonymous_13)
FNDA:0,(anonymous_14)
FNDA:0,(anonymous_15)
FNDA:0,(anonymous_16)
FNDA:0,(anonymous_17)
FNDA:0,(anonymous_18)
FNDA:0,(anonymous_19)
FNDA:0,initializeRateLimiter
FNDA:0,getRateLimiter
DA:11,0
DA:12,0
DA:13,0
DA:21,0
DA:30,0
DA:38,0
DA:46,0
DA:53,0
DA:60,0
DA:67,0
DA:75,0
DA:82,0
DA:89,0
DA:100,0
DA:104,0
DA:105,0
DA:106,0
DA:109,0
DA:116,0
DA:130,0
DA:131,0
DA:137,0
DA:145,0
DA:146,0
DA:147,0
DA:151,0
DA:152,0
DA:153,0
DA:157,0
DA:164,0
DA:171,0
DA:173,0
DA:175,0
DA:178,0
DA:179,0
DA:180,0
DA:181,0
DA:184,0
DA:185,0
DA:188,0
DA:189,0
DA:192,0
DA:193,0
DA:196,0
DA:197,0
DA:200,0
DA:201,0
DA:204,0
DA:205,0
DA:208,0
DA:209,0
DA:212,0
DA:213,0
DA:221,0
DA:222,0
DA:223,0
DA:225,0
DA:231,0
DA:243,0
DA:245,0
DA:247,0
DA:248,0
DA:249,0
DA:250,0
DA:253,0
DA:254,0
DA:257,0
DA:260,0
DA:263,0
DA:264,0
DA:265,0
DA:267,0
DA:268,0
DA:269,0
DA:270,0
DA:272,0
DA:283,0
DA:284,0
DA:287,0
DA:288,0
DA:291,0
DA:292,0
DA:293,0
DA:294,0
DA:295,0
DA:297,0
DA:302,0
DA:314,0
DA:316,0
DA:318,0
DA:319,0
DA:320,0
DA:321,0
DA:324,0
DA:327,0
DA:328,0
DA:331,0
DA:334,0
DA:337,0
DA:340,0
DA:341,0
DA:354,0
DA:360,0
DA:361,0
DA:363,0
DA:371,0
DA:372,0
DA:375,0
DA:376,0
DA:379,0
DA:382,0
DA:385,0
DA:388,0
DA:391,0
DA:393,0
DA:394,0
DA:396,0
DA:405,0
DA:408,0
DA:409,0
DA:413,0
DA:414,0
DA:416,0
LF:123
LH:0
BRDA:10,0,0,0
BRDA:105,1,0,0
BRDA:105,1,1,0
BRDA:119,2,0,0
BRDA:119,2,1,0
BRDA:130,3,0,0
BRDA:130,3,1,0
BRDA:146,4,0,0
BRDA:146,4,1,0
BRDA:152,5,0,0
BRDA:152,5,1,0
BRDA:157,6,0,0
BRDA:157,6,1,0
BRDA:164,7,0,0
BRDA:164,7,1,0
BRDA:178,8,0,0
BRDA:178,8,1,0
BRDA:178,9,0,0
BRDA:178,9,1,0
BRDA:180,10,0,0
BRDA:180,10,1,0
BRDA:184,11,0,0
BRDA:184,11,1,0
BRDA:184,12,0,0
BRDA:184,12,1,0
BRDA:188,13,0,0
BRDA:188,13,1,0
BRDA:188,14,0,0
BRDA:188,14,1,0
BRDA:192,15,0,0
BRDA:192,15,1,0
BRDA:192,16,0,0
BRDA:192,16,1,0
BRDA:196,17,0,0
BRDA:196,17,1,0
BRDA:196,18,0,0
BRDA:196,18,1,0
BRDA:196,18,2,0
BRDA:200,19,0,0
BRDA:200,19,1,0
BRDA:204,20,0,0
BRDA:204,20,1,0
BRDA:208,21,0,0
BRDA:208,21,1,0
BRDA:222,22,0,0
BRDA:222,22,1,0
BRDA:223,23,0,0
BRDA:223,23,1,0
BRDA:226,24,0,0
BRDA:226,24,1,0
BRDA:227,25,0,0
BRDA:227,25,1,0
BRDA:228,26,0,0
BRDA:228,26,1,0
BRDA:240,27,0,0
BRDA:241,28,0,0
BRDA:248,29,0,0
BRDA:248,29,1,0
BRDA:253,30,0,0
BRDA:253,30,1,0
BRDA:263,31,0,0
BRDA:263,31,1,0
BRDA:275,32,0,0
BRDA:275,32,1,0
BRDA:291,33,0,0
BRDA:291,33,1,0
BRDA:294,34,0,0
BRDA:294,34,1,0
BRDA:311,35,0,0
BRDA:312,36,0,0
BRDA:313,37,0,0
BRDA:324,38,0,0
BRDA:324,38,1,0
BRDA:324,38,2,0
BRDA:327,39,0,0
BRDA:327,39,1,0
BRDA:340,40,0,0
BRDA:340,40,1,0
BRDA:371,41,0,0
BRDA:371,41,1,0
BRDA:413,42,0,0
BRDA:413,42,1,0
BRF:82
BRH:0
end_of_record
TN:
SF:src/middleware/validation.improved.js
FN:12,(anonymous_0)
FN:24,(anonymous_1)
FN:36,(anonymous_2)
FN:42,(anonymous_3)
FN:43,(anonymous_4)
FN:87,(anonymous_5)
FN:108,(anonymous_6)
FN:124,(anonymous_7)
FN:136,(anonymous_8)
FN:180,(anonymous_9)
FN:190,(anonymous_10)
FN:214,(anonymous_11)
FN:220,(anonymous_12)
FN:243,(anonymous_13)
FN:247,(anonymous_14)
FN:258,(anonymous_15)
FN:278,(anonymous_16)
FN:287,(anonymous_17)
FN:308,(anonymous_18)
FN:314,(anonymous_19)
FN:334,(anonymous_20)
FN:338,(anonymous_21)
FN:355,(anonymous_22)
FN:361,(anonymous_23)
FN:375,(anonymous_24)
FN:389,(anonymous_25)
FN:393,(anonymous_26)
FN:425,(anonymous_27)
FN:451,(anonymous_28)
FN:452,(anonymous_29)
FN:455,(anonymous_30)
FN:470,(anonymous_31)
FN:471,(anonymous_32)
FN:490,(anonymous_33)
FNF:34
FNH:0
FNDA:0,(anonymous_0)
FNDA:0,(anonymous_1)
FNDA:0,(anonymous_2)
FNDA:0,(anonymous_3)
FNDA:0,(anonymous_4)
FNDA:0,(anonymous_5)
FNDA:0,(anonymous_6)
FNDA:0,(anonymous_7)
FNDA:0,(anonymous_8)
FNDA:0,(anonymous_9)
FNDA:0,(anonymous_10)
FNDA:0,(anonymous_11)
FNDA:0,(anonymous_12)
FNDA:0,(anonymous_13)
FNDA:0,(anonymous_14)
FNDA:0,(anonymous_15)
FNDA:0,(anonymous_16)
FNDA:0,(anonymous_17)
FNDA:0,(anonymous_18)
FNDA:0,(anonymous_19)
FNDA:0,(anonymous_20)
FNDA:0,(anonymous_21)
FNDA:0,(anonymous_22)
FNDA:0,(anonymous_23)
FNDA:0,(anonymous_24)
FNDA:0,(anonymous_25)
FNDA:0,(anonymous_26)
FNDA:0,(anonymous_27)
FNDA:0,(anonymous_28)
FNDA:0,(anonymous_29)
FNDA:0,(anonymous_30)
FNDA:0,(anonymous_31)
FNDA:0,(anonymous_32)
FNDA:0,(anonymous_33)
DA:13,0
DA:14,0
DA:15,0
DA:21,0
DA:24,0
DA:30,0
DA:37,0
DA:42,0
DA:45,0
DA:53,0
DA:54,0
DA:55,0
DA:58,0
DA:87,0
DA:109,0
DA:125,0
DA:136,0
DA:180,0
DA:190,0
DA:215,0
DA:220,0
DA:244,0
DA:247,0
DA:258,0
DA:278,0
DA:288,0
DA:309,0
DA:314,0
DA:335,0
DA:338,0
DA:356,0
DA:361,0
DA:376,0
DA:377,0
DA:379,0
DA:390,0
DA:393,0
DA:427,0
DA:428,0
DA:432,0
DA:433,0
DA:437,0
DA:438,0
DA:439,0
DA:440,0
DA:445,0
DA:452,0
DA:453,0
DA:455,0
DA:456,0
DA:463,0
DA:471,0
DA:472,0
DA:473,0
DA:475,0
DA:476,0
DA:483,0
DA:491,0
DA:498,0
DA:499,0
DA:501,0
DA:502,0
LF:62
LH:0
BRDA:14,0,0,0
BRDA:14,0,1,0
BRDA:54,1,0,0
BRDA:54,1,1,0
BRDA:376,2,0,0
BRDA:376,2,1,0
BRDA:427,3,0,0
BRDA:427,3,1,0
BRDA:427,4,0,0
BRDA:427,4,1,0
BRDA:432,5,0,0
BRDA:432,5,1,0
BRDA:432,6,0,0
BRDA:432,6,1,0
BRDA:437,7,0,0
BRDA:437,7,1,0
BRDA:437,8,0,0
BRDA:437,8,1,0
BRDA:439,9,0,0
BRDA:439,9,1,0
BRDA:451,10,0,0
BRDA:455,11,0,0
BRDA:455,11,1,0
BRDA:455,12,0,0
BRDA:455,12,1,0
BRDA:470,13,0,0
BRDA:472,14,0,0
BRDA:472,14,1,0
BRDA:475,15,0,0
BRDA:475,15,1,0
BRDA:499,16,0,0
BRDA:499,16,1,0
BRF:32
BRH:0
end_of_record
TN:
SF:src/middleware/validation.js
FN:6,(anonymous_0)
FN:226,(anonymous_1)
FN:228,(anonymous_2)
FNF:3
FNH:0
FNDA:0,(anonymous_0)
FNDA:0,(anonymous_1)
FNDA:0,(anonymous_2)
DA:6,0
DA:7,0
DA:9,0
DA:10,0
DA:16,0
DA:22,0
DA:46,0
DA:81,0
DA:95,0
DA:109,0
DA:134,0
DA:151,0
DA:184,0
DA:201,0
DA:226,0
DA:228,0
DA:229,0
DA:231,0
DA:232,0
DA:233,0
DA:234,0
DA:235,0
DA:236,0
DA:237,0
DA:239,0
DA:241,0
DA:244,0
DA:245,0
DA:246,0
DA:248,0
DA:254,0
LF:31
LH:0
BRDA:9,0,0,0
BRDA:9,0,1,0
BRDA:229,1,0,0
BRDA:229,1,1,0
BRDA:232,2,0,0
BRDA:232,2,1,0
BRDA:234,3,0,0
BRDA:234,3,1,0
BRDA:234,4,0,0
BRDA:234,4,1,0
BRDA:244,5,0,0
BRDA:244,5,1,0
BRDA:245,6,0,0
BRDA:245,6,1,0
BRDA:246,7,0,0
BRDA:246,7,1,0
BRF:16
BRH:0
end_of_record
TN:
SF:src/models/CustomerPreference.js
FN:315,(anonymous_0)
FN:321,(anonymous_1)
FN:341,(anonymous_2)
FN:347,(anonymous_3)
FN:348,(anonymous_4)
FN:352,(anonymous_5)
FN:356,(anonymous_6)
FN:358,(anonymous_7)
FN:362,(anonymous_8)
FN:379,(anonymous_9)
FN:383,(anonymous_10)
FN:386,(anonymous_11)
FN:402,(anonymous_12)
FN:406,(anonymous_13)
FN:410,(anonymous_14)
FN:416,(anonymous_15)
FNF:16
FNH:0
FNDA:0,(anonymous_0)
FNDA:0,(anonymous_1)
FNDA:0,(anonymous_2)
FNDA:0,(anonymous_3)
FNDA:0,(anonymous_4)
FNDA:0,(anonymous_5)
FNDA:0,(anonymous_6)
FNDA:0,(anonymous_7)
FNDA:0,(anonymous_8)
FNDA:0,(anonymous_9)
FNDA:0,(anonymous_10)
FNDA:0,(anonymous_11)
FNDA:0,(anonymous_12)
FNDA:0,(anonymous_13)
FNDA:0,(anonymous_14)
FNDA:0,(anonymous_15)
DA:3,0
DA:6,0
DA:29,0
DA:52,0
DA:59,0
DA:81,0
DA:309,0
DA:310,0
DA:311,0
DA:312,0
DA:315,0
DA:316,0
DA:317,0
DA:321,0
DA:322,0
DA:325,0
DA:326,0
DA:330,0
DA:331,0
DA:332,0
DA:334,0
DA:336,0
DA:338,0
DA:341,0
DA:342,0
DA:344,0
DA:346,0
DA:347,0
DA:348,0
DA:350,0
DA:351,0
DA:352,0
DA:356,0
DA:357,0
DA:358,0
DA:359,0
DA:362,0
DA:363,0
DA:366,0
DA:373,0
DA:376,0
DA:379,0
DA:380,0
DA:383,0
DA:386,0
DA:389,0
DA:390,0
DA:394,0
DA:395,0
DA:398,0
DA:402,0
DA:403,0
DA:406,0
DA:407,0
DA:410,0
DA:411,0
DA:412,0
DA:416,0
DA:418,0
DA:419,0
DA:423,0
DA:426,0
LF:62
LH:0
BRDA:325,0,0,0
BRDA:325,0,1,0
BRDA:331,1,0,0
BRDA:331,1,1,0
BRDA:344,2,0,0
BRDA:344,2,1,0
BRDA:350,3,0,0
BRDA:350,3,1,0
BRDA:359,4,0,0
BRDA:359,4,1,0
BRDA:363,5,0,0
BRDA:363,5,1,0
BRDA:373,6,0,0
BRDA:373,6,1,0
BRDA:389,7,0,0
BRDA:389,7,1,0
BRDA:394,8,0,0
BRDA:394,8,1,0
BRDA:410,9,0,0
BRDA:418,10,0,0
BRDA:418,10,1,0
BRF:21
BRH:0
end_of_record
TN:
SF:src/models/KnowledgeBase.js
FN:248,(anonymous_0)
FN:256,(anonymous_1)
FN:262,(anonymous_2)
FN:268,(anonymous_3)
FN:284,(anonymous_4)
FN:288,(anonymous_5)
FN:292,(anonymous_6)
FN:302,(anonymous_7)
FN:306,(anonymous_8)
FN:310,(anonymous_9)
FN:317,(anonymous_10)
FN:324,(anonymous_11)
FN:347,(anonymous_12)
FNF:13
FNH:0
FNDA:0,(anonymous_0)
FNDA:0,(anonymous_1)
FNDA:0,(anonymous_2)
FNDA:0,(anonymous_3)
FNDA:0,(anonymous_4)
FNDA:0,(anonymous_5)
FNDA:0,(anonymous_6)
FNDA:0,(anonymous_7)
FNDA:0,(anonymous_8)
FNDA:0,(anonymous_9)
FNDA:0,(anonymous_10)
FNDA:0,(anonymous_11)
FNDA:0,(anonymous_12)
DA:3,0
DA:6,0
DA:14,0
DA:29,0
DA:39,0
DA:55,0
DA:241,0
DA:242,0
DA:243,0
DA:244,0
DA:245,0
DA:248,0
DA:249,0
DA:256,0
DA:257,0
DA:262,0
DA:263,0
DA:264,0
DA:265,0
DA:268,0
DA:269,0
DA:270,0
DA:272,0
DA:276,0
DA:277,0
DA:278,0
DA:281,0
DA:284,0
DA:286,0
DA:287,0
DA:288,0
DA:290,0
DA:292,0
DA:293,0
DA:294,0
DA:295,0
DA:298,0
DA:302,0
DA:303,0
DA:306,0
DA:307,0
DA:310,0
DA:311,0
DA:317,0
DA:318,0
DA:324,0
DA:326,0
DA:327,0
DA:331,0
DA:332,0
DA:333,0
DA:334,0
DA:335,0
DA:336,0
DA:337,0
DA:338,0
DA:339,0
DA:341,0
DA:345,0
DA:346,0
DA:347,0
DA:348,0
DA:349,0
DA:352,0
DA:355,0
LF:65
LH:0
BRDA:269,0,0,0
BRDA:269,0,1,0
BRDA:277,1,0,0
BRDA:277,1,1,0
BRDA:293,2,0,0
BRDA:293,2,1,0
BRDA:294,3,0,0
BRDA:294,3,1,0
BRDA:295,4,0,0
BRDA:295,4,1,0
BRDA:295,5,0,0
BRDA:295,5,1,0
BRDA:317,6,0,0
BRDA:326,7,0,0
BRDA:326,7,1,0
BRDA:332,8,0,0
BRDA:332,8,1,0
BRDA:334,9,0,0
BRDA:334,9,1,0
BRDA:336,10,0,0
BRDA:336,10,1,0
BRDA:338,11,0,0
BRDA:338,11,1,0
BRDA:345,12,0,0
BRDA:345,12,1,0
BRDA:345,13,0,0
BRDA:345,13,1,0
BRF:27
BRH:0
end_of_record
TN:
SF:src/models/Product.js
FN:313,(anonymous_0)
FN:318,(anonymous_1)
FN:325,(anonymous_2)
FN:329,(anonymous_3)
FN:343,(anonymous_4)
FN:366,(anonymous_5)
FNF:6
FNH:0
FNDA:0,(anonymous_0)
FNDA:0,(anonymous_1)
FNDA:0,(anonymous_2)
FNDA:0,(anonymous_3)
FNDA:0,(anonymous_4)
FNDA:0,(anonymous_5)
DA:3,0
DA:6,0
DA:16,0
DA:23,0
DA:32,0
DA:52,0
DA:293,0
DA:298,0
DA:304,0
DA:308,0
DA:313,0
DA:314,0
DA:318,0
DA:319,0
DA:320,0
DA:322,0
DA:323,0
DA:325,0
DA:326,0
DA:329,0
DA:330,0
DA:333,0
DA:334,0
DA:335,0
DA:339,0
DA:343,0
DA:344,0
DA:346,0
DA:347,0
DA:350,0
DA:351,0
DA:354,0
DA:355,0
DA:358,0
DA:359,0
DA:362,0
DA:366,0
DA:367,0
DA:368,0
DA:369,0
DA:372,0
LF:41
LH:0
BRDA:326,0,0,0
BRDA:326,0,1,0
BRDA:330,1,0,0
BRDA:330,1,1,0
BRDA:346,2,0,0
BRDA:346,2,1,0
BRDA:350,3,0,0
BRDA:350,3,1,0
BRDA:354,4,0,0
BRDA:354,4,1,0
BRDA:358,5,0,0
BRDA:358,5,1,0
BRF:12
BRH:0
end_of_record
TN:
SF:src/routes/knowledgeBase.routes.js
FN:13,(anonymous_0)
FNF:1
FNH:0
FNDA:0,(anonymous_0)
DA:6,0
DA:13,0
DA:14,0
DA:29,0
DA:39,0
DA:49,0
DA:58,0
DA:68,0
DA:78,0
DA:87,0
DA:96,0
DA:106,0
LF:12
LH:0
BRF:0
BRH:0
end_of_record
TN:
SF:src/routes/search.routes.js
FNF:0
FNH:0
DA:6,0
DA:13,0
DA:23,0
DA:32,0
DA:41,0
DA:51,0
DA:60,0
LF:7
LH:0
BRF:0
BRH:0
end_of_record
TN:
SF:src/services/KnowledgeBaseService.js
FN:8,(anonymous_0)
FN:15,(anonymous_1)
FN:45,(anonymous_2)
FN:58,(anonymous_3)
FN:83,(anonymous_4)
FN:149,(anonymous_5)
FN:194,(anonymous_6)
FN:217,(anonymous_7)
FN:238,(anonymous_8)
FN:262,(anonymous_9)
FN:264,(anonymous_10)
FN:272,(anonymous_11)
FN:280,(anonymous_12)
FN:295,(anonymous_13)
FN:302,(anonymous_14)
FN:306,(anonymous_15)
FN:316,(anonymous_16)
FN:365,(anonymous_17)
FN:422,(anonymous_18)
FN:444,(anonymous_19)
FN:464,(anonymous_20)
FN:502,(anonymous_21)
FN:515,(anonymous_22)
FN:543,(anonymous_23)
FN:569,(anonymous_24)
FNF:25
FNH:0
FNDA:0,(anonymous_0)
FNDA:0,(anonymous_1)
FNDA:0,(anonymous_2)
FNDA:0,(anonymous_3)
FNDA:0,(anonymous_4)
FNDA:0,(anonymous_5)
FNDA:0,(anonymous_6)
FNDA:0,(anonymous_7)
FNDA:0,(anonymous_8)
FNDA:0,(anonymous_9)
FNDA:0,(anonymous_10)
FNDA:0,(anonymous_11)
FNDA:0,(anonymous_12)
FNDA:0,(anonymous_13)
FNDA:0,(anonymous_14)
FNDA:0,(anonymous_15)
FNDA:0,(anonymous_16)
FNDA:0,(anonymous_17)
FNDA:0,(anonymous_18)
FNDA:0,(anonymous_19)
FNDA:0,(anonymous_20)
FNDA:0,(anonymous_21)
FNDA:0,(anonymous_22)
FNDA:0,(anonymous_23)
FNDA:0,(anonymous_24)
DA:9,0
DA:16,0
DA:17,0
DA:20,0
DA:21,0
DA:22,0
DA:26,0
DA:28,0
DA:29,0
DA:32,0
DA:33,0
DA:35,0
DA:37,0
DA:38,0
DA:46,0
DA:47,0
DA:48,0
DA:50,0
DA:51,0
DA:59,0
DA:60,0
DA:62,0
DA:63,0
DA:66,0
DA:67,0
DA:70,0
DA:71,0
DA:73,0
DA:75,0
DA:76,0
DA:84,0
DA:85,0
DA:87,0
DA:139,0
DA:141,0
DA:142,0
DA:150,0
DA:152,0
DA:153,0
DA:161,0
DA:162,0
DA:170,0
DA:171,0
DA:179,0
DA:180,0
DA:188,0
DA:195,0
DA:202,0
DA:203,0
DA:206,0
DA:207,0
DA:208,0
DA:211,0
DA:218,0
DA:220,0
DA:221,0
DA:224,0
DA:226,0
DA:227,0
DA:228,0
DA:229,0
DA:232,0
DA:239,0
DA:241,0
DA:242,0
DA:244,0
DA:245,0
DA:248,0
DA:249,0
DA:252,0
DA:253,0
DA:256,0
DA:263,0
DA:264,0
DA:265,0
DA:266,0
DA:273,0
DA:275,0
DA:276,0
DA:279,0
DA:280,0
DA:281,0
DA:285,0
DA:286,0
DA:289,0
DA:296,0
DA:297,0
DA:299,0
DA:300,0
DA:302,0
DA:303,0
DA:306,0
DA:307,0
DA:310,0
DA:317,0
DA:318,0
DA:321,0
DA:324,0
DA:325,0
DA:327,0
DA:328,0
DA:329,0
DA:332,0
DA:338,0
DA:340,0
DA:341,0
DA:344,0
DA:345,0
DA:349,0
DA:351,0
DA:357,0
DA:358,0
DA:366,0
DA:367,0
DA:373,0
DA:376,0
DA:381,0
DA:382,0
DA:386,0
DA:393,0
DA:394,0
DA:395,0
DA:396,0
DA:404,0
DA:405,0
DA:407,0
DA:414,0
DA:415,0
DA:423,0
DA:424,0
DA:426,0
DA:428,0
DA:434,0
DA:436,0
DA:437,0
DA:445,0
DA:446,0
DA:454,0
DA:456,0
DA:457,0
DA:465,0
DA:466,0
DA:468,0
DA:469,0
DA:472,0
DA:475,0
DA:476,0
DA:484,0
DA:488,0
DA:489,0
DA:497,0
DA:501,0
DA:502,0
DA:505,0
DA:507,0
DA:508,0
DA:516,0
DA:517,0
DA:518,0
DA:520,0
DA:524,0
DA:528,0
DA:535,0
DA:536,0
DA:544,0
DA:545,0
DA:559,0
DA:561,0
DA:562,0
DA:570,0
DA:571,0
DA:573,0
DA:574,0
DA:575,0
DA:578,0
DA:580,0
DA:581,0
DA:587,0
LF:178
LH:0
BRDA:20,0,0,0
BRDA:20,0,1,0
BRDA:85,1,0,0
BRDA:85,1,1,0
BRDA:90,2,0,0
BRDA:90,2,1,0
BRDA:91,3,0,0
BRDA:91,3,1,0
BRDA:107,4,0,0
BRDA:107,4,1,0
BRDA:117,5,0,0
BRDA:117,5,1,0
BRDA:118,6,0,0
BRDA:118,6,1,0
BRDA:152,7,0,0
BRDA:152,7,1,0
BRDA:161,8,0,0
BRDA:161,8,1,0
BRDA:166,9,0,0
BRDA:166,9,1,0
BRDA:170,10,0,0
BRDA:170,10,1,0
BRDA:179,11,0,0
BRDA:179,11,1,0
BRDA:184,12,0,0
BRDA:184,12,1,0
BRDA:202,13,0,0
BRDA:202,13,1,0
BRDA:206,14,0,0
BRDA:206,14,1,0
BRDA:220,15,0,0
BRDA:220,15,1,0
BRDA:224,16,0,0
BRDA:224,16,1,0
BRDA:227,17,0,0
BRDA:227,17,1,0
BRDA:228,18,0,0
BRDA:228,18,1,0
BRDA:241,19,0,0
BRDA:241,19,1,0
BRDA:242,20,0,0
BRDA:242,20,1,0
BRDA:244,21,0,0
BRDA:244,21,1,0
BRDA:248,22,0,0
BRDA:248,22,1,0
BRDA:252,23,0,0
BRDA:252,23,1,0
BRDA:275,24,0,0
BRDA:275,24,1,0
BRDA:279,25,0,0
BRDA:279,25,1,0
BRDA:285,26,0,0
BRDA:285,26,1,0
BRDA:303,27,0,0
BRDA:303,27,1,0
BRDA:307,28,0,0
BRDA:307,28,1,0
BRDA:340,29,0,0
BRDA:340,29,1,0
BRDA:365,30,0,0
BRDA:370,31,0,0
BRDA:371,32,0,0
BRDA:372,33,0,0
BRDA:381,34,0,0
BRDA:381,34,1,0
BRDA:393,35,0,0
BRDA:393,35,1,0
BRDA:393,36,0,0
BRDA:393,36,1,0
BRDA:395,37,0,0
BRDA:395,37,1,0
BRDA:426,38,0,0
BRDA:426,38,1,0
BRDA:444,39,0,0
BRDA:464,40,0,0
BRDA:468,41,0,0
BRDA:468,41,1,0
BRDA:475,42,0,0
BRDA:475,42,1,0
BRDA:488,43,0,0
BRDA:488,43,1,0
BRDA:532,44,0,0
BRDA:532,44,1,0
BRDA:573,45,0,0
BRDA:573,45,1,0
BRDA:575,46,0,0
BRDA:575,46,1,0
BRF:88
BRH:0
end_of_record
TN:
SF:src/services/SearchService.improved.js
FN:11,(anonymous_0)
FN:20,(anonymous_1)
FN:48,(anonymous_2)
FN:133,(anonymous_3)
FN:144,(anonymous_4)
FN:160,(anonymous_5)
FN:162,(anonymous_6)
FN:171,(anonymous_7)
FN:186,(anonymous_8)
FN:211,(anonymous_9)
FN:227,(anonymous_10)
FN:253,(anonymous_11)
FN:305,(anonymous_12)
FN:360,(anonymous_13)
FN:361,(anonymous_14)
FN:368,(anonymous_15)
FN:413,(anonymous_16)
FN:445,(anonymous_17)
FN:446,(anonymous_18)
FN:446,(anonymous_19)
FN:447,(anonymous_20)
FNF:21
FNH:0
FNDA:0,(anonymous_0)
FNDA:0,(anonymous_1)
FNDA:0,(anonymous_2)
FNDA:0,(anonymous_3)
FNDA:0,(anonymous_4)
FNDA:0,(anonymous_5)
FNDA:0,(anonymous_6)
FNDA:0,(anonymous_7)
FNDA:0,(anonymous_8)
FNDA:0,(anonymous_9)
FNDA:0,(anonymous_10)
FNDA:0,(anonymous_11)
FNDA:0,(anonymous_12)
FNDA:0,(anonymous_13)
FNDA:0,(anonymous_14)
FNDA:0,(anonymous_15)
FNDA:0,(anonymous_16)
FNDA:0,(anonymous_17)
FNDA:0,(anonymous_18)
FNDA:0,(anonymous_19)
FNDA:0,(anonymous_20)
DA:12,0
DA:13,0
DA:14,0
DA:21,0
DA:22,0
DA:25,0
DA:26,0
DA:30,0
DA:32,0
DA:35,0
DA:36,0
DA:38,0
DA:40,0
DA:41,0
DA:49,0
DA:51,0
DA:54,0
DA:55,0
DA:58,0
DA:61,0
DA:64,0
DA:94,0
DA:104,0
DA:108,0
DA:109,0
DA:111,0
DA:113,0
DA:116,0
DA:117,0
DA:120,0
DA:122,0
DA:124,0
DA:126,0
DA:134,0
DA:144,0
DA:160,0
DA:162,0
DA:172,0
DA:173,0
DA:185,0
DA:186,0
DA:187,0
DA:188,0
DA:189,0
DA:194,0
DA:195,0
DA:196,0
DA:197,0
DA:199,0
DA:200,0
DA:201,0
DA:202,0
DA:204,0
DA:206,0
DA:210,0
DA:211,0
DA:212,0
DA:213,0
DA:214,0
DA:219,0
DA:221,0
DA:228,0
DA:231,0
DA:232,0
DA:233,0
DA:240,0
DA:241,0
DA:245,0
DA:246,0
DA:252,0
DA:253,0
DA:254,0
DA:255,0
DA:264,0
DA:265,0
DA:266,0
DA:271,0
DA:272,0
DA:273,0
DA:274,0
DA:276,0
DA:278,0
DA:279,0
DA:281,0
DA:282,0
DA:284,0
DA:285,0
DA:288,0
DA:289,0
DA:292,0
DA:296,0
DA:299,0
DA:306,0
DA:307,0
DA:310,0
DA:311,0
DA:320,0
DA:323,0
DA:324,0
DA:327,0
DA:330,0
DA:331,0
DA:333,0
DA:337,0
DA:346,0
DA:349,0
DA:354,0
DA:356,0
DA:360,0
DA:361,0
DA:364,0
DA:365,0
DA:368,0
DA:369,0
DA:370,0
DA:374,0
DA:376,0
DA:391,0
DA:394,0
DA:414,0
DA:416,0
DA:440,0
DA:444,0
DA:445,0
DA:446,0
DA:447,0
DA:450,0
DA:451,0
DA:463,0
LF:129
LH:0
BRDA:25,0,0,0
BRDA:25,0,1,0
BRDA:25,1,0,0
BRDA:25,1,1,0
BRDA:54,2,0,0
BRDA:54,2,1,0
BRDA:111,3,0,0
BRDA:111,3,1,0
BRDA:111,4,0,0
BRDA:111,4,1,0
BRDA:135,5,0,0
BRDA:135,5,1,0
BRDA:140,6,0,0
BRDA:140,6,1,0
BRDA:143,7,0,0
BRDA:143,7,1,0
BRDA:147,8,0,0
BRDA:147,8,1,0
BRDA:149,9,0,0
BRDA:149,9,1,0
BRDA:154,10,0,0
BRDA:154,10,1,0
BRDA:156,11,0,0
BRDA:156,11,1,0
BRDA:159,12,0,0
BRDA:159,12,1,0
BRDA:161,13,0,0
BRDA:161,13,1,0
BRDA:163,14,0,0
BRDA:163,14,1,0
BRDA:188,15,0,0
BRDA:188,15,1,0
BRDA:195,16,0,0
BRDA:195,16,1,0
BRDA:197,17,0,0
BRDA:197,17,1,0
BRDA:199,18,0,0
BRDA:199,18,1,0
BRDA:199,19,0,0
BRDA:199,19,1,0
BRDA:201,20,0,0
BRDA:201,20,1,0
BRDA:201,21,0,0
BRDA:201,21,1,0
BRDA:213,22,0,0
BRDA:213,22,1,0
BRDA:231,23,0,0
BRDA:231,23,1,0
BRDA:240,24,0,0
BRDA:240,24,1,0
BRDA:240,25,0,0
BRDA:240,25,1,0
BRDA:245,26,0,0
BRDA:245,26,1,0
BRDA:245,27,0,0
BRDA:245,27,1,0
BRDA:252,28,0,0
BRDA:252,28,1,0
BRDA:264,29,0,0
BRDA:264,29,1,0
BRDA:265,30,0,0
BRDA:265,30,1,0
BRDA:271,31,0,0
BRDA:271,31,1,0
BRDA:271,32,0,0
BRDA:271,32,1,0
BRDA:273,33,0,0
BRDA:273,33,1,0
BRDA:276,34,0,0
BRDA:276,34,1,0
BRDA:276,34,2,0
BRDA:276,34,3,0
BRDA:276,34,4,0
BRDA:305,35,0,0
BRDA:317,36,0,0
BRDA:318,37,0,0
BRDA:319,38,0,0
BRDA:354,39,0,0
BRDA:354,39,1,0
BRDA:354,40,0,0
BRDA:354,40,1,0
BRF:81
BRH:0
end_of_record
TN:
SF:src/services/SearchService.js
FN:10,(anonymous_0)
FN:18,(anonymous_1)
FN:46,(anonymous_2)
FN:107,(anonymous_3)
FN:122,(anonymous_4)
FN:146,(anonymous_5)
FN:169,(anonymous_6)
FN:188,(anonymous_7)
FN:213,(anonymous_8)
FN:293,(anonymous_9)
FN:358,(anonymous_10)
FN:394,(anonymous_11)
FN:404,(anonymous_12)
FN:426,(anonymous_13)
FN:426,(anonymous_14)
FN:436,(anonymous_15)
FN:448,(anonymous_16)
FN:491,(anonymous_17)
FN:513,(anonymous_18)
FN:543,(anonymous_19)
FN:555,(anonymous_20)
FN:574,(anonymous_21)
FN:575,(anonymous_22)
FN:576,(anonymous_23)
FN:582,(anonymous_24)
FN:587,(anonymous_25)
FN:588,(anonymous_26)
FN:594,(anonymous_27)
FN:608,(anonymous_28)
FN:624,(anonymous_29)
FN:635,(anonymous_30)
FN:648,(anonymous_31)
FN:650,(anonymous_32)
FNF:33
FNH:0
FNDA:0,(anonymous_0)
FNDA:0,(anonymous_1)
FNDA:0,(anonymous_2)
FNDA:0,(anonymous_3)
FNDA:0,(anonymous_4)
FNDA:0,(anonymous_5)
FNDA:0,(anonymous_6)
FNDA:0,(anonymous_7)
FNDA:0,(anonymous_8)
FNDA:0,(anonymous_9)
FNDA:0,(anonymous_10)
FNDA:0,(anonymous_11)
FNDA:0,(anonymous_12)
FNDA:0,(anonymous_13)
FNDA:0,(anonymous_14)
FNDA:0,(anonymous_15)
FNDA:0,(anonymous_16)
FNDA:0,(anonymous_17)
FNDA:0,(anonymous_18)
FNDA:0,(anonymous_19)
FNDA:0,(anonymous_20)
FNDA:0,(anonymous_21)
FNDA:0,(anonymous_22)
FNDA:0,(anonymous_23)
FNDA:0,(anonymous_24)
FNDA:0,(anonymous_25)
FNDA:0,(anonymous_26)
FNDA:0,(anonymous_27)
FNDA:0,(anonymous_28)
FNDA:0,(anonymous_29)
FNDA:0,(anonymous_30)
FNDA:0,(anonymous_31)
FNDA:0,(anonymous_32)
DA:11,0
DA:12,0
DA:19,0
DA:20,0
DA:23,0
DA:24,0
DA:28,0
DA:30,0
DA:33,0
DA:34,0
DA:36,0
DA:38,0
DA:39,0
DA:47,0
DA:49,0
DA:50,0
DA:53,0
DA:56,0
DA:83,0
DA:92,0
DA:93,0
DA:95,0
DA:96,0
DA:98,0
DA:100,0
DA:108,0
DA:109,0
DA:121,0
DA:122,0
DA:123,0
DA:124,0
DA:129,0
DA:130,0
DA:131,0
DA:132,0
DA:134,0
DA:135,0
DA:136,0
DA:137,0
DA:139,0
DA:141,0
DA:145,0
DA:146,0
DA:147,0
DA:148,0
DA:153,0
DA:154,0
DA:155,0
DA:156,0
DA:157,0
DA:160,0
DA:161,0
DA:162,0
DA:163,0
DA:164,0
DA:168,0
DA:169,0
DA:170,0
DA:171,0
DA:176,0
DA:177,0
DA:178,0
DA:179,0
DA:182,0
DA:189,0
DA:192,0
DA:193,0
DA:200,0
DA:201,0
DA:205,0
DA:206,0
DA:212,0
DA:213,0
DA:221,0
DA:222,0
DA:223,0
DA:228,0
DA:229,0
DA:230,0
DA:232,0
DA:234,0
DA:235,0
DA:237,0
DA:238,0
DA:240,0
DA:241,0
DA:244,0
DA:245,0
DA:248,0
DA:252,0
DA:253,0
DA:254,0
DA:256,0
DA:258,0
DA:259,0
DA:261,0
DA:262,0
DA:264,0
DA:265,0
DA:267,0
DA:268,0
DA:271,0
DA:275,0
DA:276,0
DA:280,0
DA:281,0
DA:285,0
DA:287,0
DA:294,0
DA:295,0
DA:303,0
DA:306,0
DA:307,0
DA:310,0
DA:313,0
DA:315,0
DA:321,0
DA:322,0
DA:329,0
DA:338,0
DA:341,0
DA:342,0
DA:343,0
DA:348,0
DA:353,0
DA:354,0
DA:358,0
DA:362,0
DA:363,0
DA:366,0
DA:369,0
DA:371,0
DA:386,0
DA:387,0
DA:395,0
DA:396,0
DA:399,0
DA:404,0
DA:407,0
DA:418,0
DA:421,0
DA:426,0
DA:429,0
DA:436,0
DA:438,0
DA:440,0
DA:441,0
DA:449,0
DA:452,0
DA:453,0
DA:454,0
DA:456,0
DA:457,0
DA:462,0
DA:463,0
DA:465,0
DA:466,0
DA:469,0
DA:470,0
DA:475,0
DA:476,0
DA:477,0
DA:480,0
DA:481,0
DA:482,0
DA:485,0
DA:492,0
DA:493,0
DA:495,0
DA:496,0
DA:505,0
DA:514,0
DA:515,0
DA:517,0
DA:518,0
DA:522,0
DA:525,0
DA:533,0
DA:535,0
DA:536,0
DA:544,0
DA:545,0
DA:549,0
DA:550,0
DA:554,0
DA:555,0
DA:567,0
DA:574,0
DA:575,0
DA:576,0
DA:577,0
DA:582,0
DA:583,0
DA:587,0
DA:588,0
DA:589,0
DA:594,0
DA:595,0
DA:598,0
DA:600,0
DA:601,0
DA:609,0
DA:610,0
DA:613,0
DA:624,0
DA:631,0
DA:635,0
DA:641,0
DA:648,0
DA:650,0
DA:655,0
DA:657,0
DA:658,0
DA:664,0
LF:214
LH:0
BRDA:23,0,0,0
BRDA:23,0,1,0
BRDA:23,1,0,0
BRDA:23,1,1,0
BRDA:49,2,0,0
BRDA:49,2,1,0
BRDA:123,3,0,0
BRDA:123,3,1,0
BRDA:130,4,0,0
BRDA:130,4,1,0
BRDA:132,5,0,0
BRDA:132,5,1,0
BRDA:134,6,0,0
BRDA:134,6,1,0
BRDA:134,7,0,0
BRDA:134,7,1,0
BRDA:136,8,0,0
BRDA:136,8,1,0
BRDA:136,9,0,0
BRDA:136,9,1,0
BRDA:147,10,0,0
BRDA:147,10,1,0
BRDA:154,11,0,0
BRDA:154,11,1,0
BRDA:157,12,0,0
BRDA:157,12,1,0
BRDA:161,13,0,0
BRDA:161,13,1,0
BRDA:162,14,0,0
BRDA:162,14,1,0
BRDA:164,15,0,0
BRDA:164,15,1,0
BRDA:170,16,0,0
BRDA:170,16,1,0
BRDA:176,17,0,0
BRDA:176,17,1,0
BRDA:176,18,0,0
BRDA:176,18,1,0
BRDA:176,18,2,0
BRDA:178,19,0,0
BRDA:178,19,1,0
BRDA:178,20,0,0
BRDA:178,20,1,0
BRDA:178,20,2,0
BRDA:192,21,0,0
BRDA:192,21,1,0
BRDA:200,22,0,0
BRDA:200,22,1,0
BRDA:205,23,0,0
BRDA:205,23,1,0
BRDA:212,24,0,0
BRDA:212,24,1,0
BRDA:221,25,0,0
BRDA:221,25,1,0
BRDA:222,26,0,0
BRDA:222,26,1,0
BRDA:228,27,0,0
BRDA:228,27,1,0
BRDA:230,28,0,0
BRDA:230,28,1,0
BRDA:232,29,0,0
BRDA:232,29,1,0
BRDA:232,29,2,0
BRDA:232,29,3,0
BRDA:232,29,4,0
BRDA:252,30,0,0
BRDA:252,30,1,0
BRDA:254,31,0,0
BRDA:254,31,1,0
BRDA:256,32,0,0
BRDA:256,32,1,0
BRDA:256,32,2,0
BRDA:256,32,3,0
BRDA:275,33,0,0
BRDA:275,33,1,0
BRDA:280,34,0,0
BRDA:280,34,1,0
BRDA:293,35,0,0
BRDA:298,36,0,0
BRDA:299,37,0,0
BRDA:300,38,0,0
BRDA:301,39,0,0
BRDA:302,40,0,0
BRDA:321,41,0,0
BRDA:321,41,1,0
BRDA:321,42,0,0
BRDA:321,42,1,0
BRDA:341,43,0,0
BRDA:341,43,1,0
BRDA:341,44,0,0
BRDA:341,44,1,0
BRDA:353,45,0,0
BRDA:353,45,1,0
BRDA:452,46,0,0
BRDA:452,46,1,0
BRDA:456,47,0,0
BRDA:456,47,1,0
BRDA:462,48,0,0
BRDA:462,48,1,0
BRDA:465,49,0,0
BRDA:465,49,1,0
BRDA:469,50,0,0
BRDA:469,50,1,0
BRDA:475,51,0,0
BRDA:475,51,1,0
BRDA:480,52,0,0
BRDA:480,52,1,0
BRDA:495,53,0,0
BRDA:495,53,1,0
BRDA:513,54,0,0
BRDA:517,55,0,0
BRDA:517,55,1,0
BRDA:549,56,0,0
BRDA:549,56,1,0
BRDA:577,57,0,0
BRDA:577,57,1,0
BRDA:583,58,0,0
BRDA:583,58,1,0
BRDA:588,59,0,0
BRDA:588,59,1,0
BRDA:588,60,0,0
BRDA:588,60,1,0
BRDA:595,61,0,0
BRDA:595,61,1,0
BRDA:608,62,0,0
BRF:125
BRH:0
end_of_record
TN:
SF:src/utils/logger.js
FN:38,(anonymous_0)
FN:111,(anonymous_1)
FN:117,(anonymous_2)
FN:129,(anonymous_3)
FN:148,(anonymous_4)
FN:158,(anonymous_5)
FN:168,(anonymous_6)
FN:181,(anonymous_7)
FN:186,(anonymous_8)
FNF:9
FNH:0
FNDA:0,(anonymous_0)
FNDA:0,(anonymous_1)
FNDA:0,(anonymous_2)
FNDA:0,(anonymous_3)
FNDA:0,(anonymous_4)
FNDA:0,(anonymous_5)
FNDA:0,(anonymous_6)
FNDA:0,(anonymous_7)
FNDA:0,(anonymous_8)
DA:6,0
DA:7,0
DA:10,0
DA:21,0
DA:31,0
DA:34,0
DA:38,0
DA:43,0
DA:51,0
DA:54,0
DA:55,0
DA:64,0
DA:65,0
DA:68,0
DA:79,0
DA:89,0
DA:101,0
DA:110,0
DA:112,0
DA:117,0
DA:118,0
DA:120,0
DA:121,0
DA:122,0
DA:123,0
DA:125,0
DA:129,0
DA:130,0
DA:136,0
DA:137,0
DA:145,0
DA:148,0
DA:149,0
DA:151,0
DA:152,0
DA:154,0
DA:158,0
DA:159,0
DA:168,0
DA:169,0
DA:180,0
DA:181,0
DA:182,0
DA:183,0
DA:186,0
DA:187,0
DA:188,0
LF:47
LH:0
BRDA:54,0,0,0
BRDA:54,0,1,0
BRDA:64,1,0,0
BRDA:64,1,1,0
BRDA:120,2,0,0
BRDA:120,2,1,0
BRDA:122,3,0,0
BRDA:122,3,1,0
BRDA:129,4,0,0
BRDA:136,5,0,0
BRDA:136,5,1,0
BRDA:148,6,0,0
BRDA:149,7,0,0
BRDA:149,7,1,0
BRDA:151,8,0,0
BRDA:151,8,1,0
BRDA:180,9,0,0
BRDA:180,9,1,0
BRF:18
BRH:0
end_of_record
TN:
SF:src/utils/security.js
FN:12,(anonymous_0)
FN:29,(anonymous_1)
FN:45,(anonymous_2)
FN:59,(anonymous_3)
FN:81,(anonymous_4)
FN:123,(anonymous_5)
FN:130,(anonymous_6)
FN:140,(anonymous_7)
FN:149,(anonymous_8)
FN:175,(anonymous_9)
FN:189,(anonymous_10)
FN:197,(anonymous_11)
FN:213,(anonymous_12)
FN:223,(anonymous_13)
FN:247,(anonymous_14)
FNF:15
FNH:0
FNDA:0,(anonymous_0)
FNDA:0,(anonymous_1)
FNDA:0,(anonymous_2)
FNDA:0,(anonymous_3)
FNDA:0,(anonymous_4)
FNDA:0,(anonymous_5)
FNDA:0,(anonymous_6)
FNDA:0,(anonymous_7)
FNDA:0,(anonymous_8)
FNDA:0,(anonymous_9)
FNDA:0,(anonymous_10)
FNDA:0,(anonymous_11)
FNDA:0,(anonymous_12)
FNDA:0,(anonymous_13)
FNDA:0,(anonymous_14)
DA:13,0
DA:17,0
DA:23,0
DA:30,0
DA:32,0
DA:34,0
DA:36,0
DA:37,0
DA:41,0
DA:42,0
DA:43,0
DA:45,0
DA:46,0
DA:49,0
DA:53,0
DA:60,0
DA:63,0
DA:65,0
DA:69,0
DA:70,0
DA:71,0
DA:72,0
DA:75,0
DA:82,0
DA:83,0
DA:87,0
DA:90,0
DA:91,0
DA:94,0
DA:95,0
DA:99,0
DA:102,0
DA:111,0
DA:112,0
DA:113,0
DA:117,0
DA:124,0
DA:131,0
DA:141,0
DA:142,0
DA:143,0
DA:155,0
DA:158,0
DA:161,0
DA:162,0
DA:166,0
DA:167,0
DA:169,0
DA:176,0
DA:179,0
DA:190,0
DA:191,0
DA:198,0
DA:200,0
DA:207,0
DA:215,0
DA:216,0
DA:217,0
DA:224,0
DA:231,0
DA:238,0
DA:248,0
DA:257,0
DA:259,0
DA:260,0
DA:262,0
LF:66
LH:0
BRDA:13,0,0,0
BRDA:13,0,1,0
BRDA:30,1,0,0
BRDA:30,1,1,0
BRDA:30,2,0,0
BRDA:30,2,1,0
BRDA:36,3,0,0
BRDA:36,3,1,0
BRDA:36,4,0,0
BRDA:36,4,1,0
BRDA:41,5,0,0
BRDA:41,5,1,0
BRDA:41,6,0,0
BRDA:41,6,1,0
BRDA:41,6,2,0
BRDA:43,7,0,0
BRDA:43,7,1,0
BRDA:46,8,0,0
BRDA:46,8,1,0
BRDA:60,9,0,0
BRDA:60,9,1,0
BRDA:60,10,0,0
BRDA:60,10,1,0
BRDA:63,11,0,0
BRDA:63,11,1,0
BRDA:69,12,0,0
BRDA:69,12,1,0
BRDA:70,13,0,0
BRDA:70,13,1,0
BRDA:71,14,0,0
BRDA:71,14,1,0
BRDA:72,15,0,0
BRDA:72,15,1,0
BRDA:82,16,0,0
BRDA:82,16,1,0
BRDA:82,17,0,0
BRDA:82,17,1,0
BRDA:90,18,0,0
BRDA:90,18,1,0
BRDA:94,19,0,0
BRDA:94,19,1,0
BRDA:112,20,0,0
BRDA:112,20,1,0
BRDA:123,21,0,0
BRDA:130,22,0,0
BRDA:141,23,0,0
BRDA:141,23,1,0
BRDA:149,24,0,0
BRDA:151,25,0,0
BRDA:152,26,0,0
BRDA:153,27,0,0
BRDA:154,28,0,0
BRDA:158,29,0,0
BRDA:158,29,1,0
BRDA:161,30,0,0
BRDA:161,30,1,0
BRDA:166,31,0,0
BRDA:166,31,1,0
BRDA:167,32,0,0
BRDA:167,32,1,0
BRDA:176,33,0,0
BRDA:176,33,1,0
BRDA:176,34,0,0
BRDA:176,34,1,0
BRDA:190,35,0,0
BRDA:190,35,1,0
BRDA:190,36,0,0
BRDA:190,36,1,0
BRDA:197,37,0,0
BRDA:198,38,0,0
BRDA:198,38,1,0
BRDA:198,39,0,0
BRDA:198,39,1,0
BRDA:215,40,0,0
BRDA:215,40,1,0
BRDA:216,41,0,0
BRDA:216,41,1,0
BRDA:259,42,0,0
BRDA:259,42,1,0
BRDA:260,43,0,0
BRDA:260,43,1,0
BRF:81
BRH:0
end_of_record
